Found Game {'comp_name': 'Powerball', 'comp_format': 'Powerball', 'game_format': 'Powerball', 'game_name': 'Powerball', 'comp_identifier': 'Powerball'}
	Using Handler <class 'yoolotto.lottery.game.powerball.PowerBallGame'>
	[jackpot] Found Jackpot 80000000
	[jackpot] Jackpot Date 2014-04-09

	[last] last_draw_date 04/05/2014
	[last] last_draw_numbers 11-21-26-33-34, Powerball: 29, Power Play: 5
	[last] last_draw_date 2014-04-05
	[last] draw id 5759, created: False 
	[last] draw id 5759 SAVED
	[last] {'date': '2014-04-05', 'jackpot': 70000000L, 'future': False, 'id': 5759L, 'result': [11, 21, 26, 33, 34, 29, 5]}
	[last] Firing Notification: False
	[last] Found Powerplay [5] 
	[last] Creating Fake Powerplay Component with value [5] 
	[last] Fake Powerplay Object Saved 27 
	[last] Creating Powerplay Draw 
	[last] Powerplay Object Saved 6932 

	[next] Processing NEXT Draw
	[next] next_draw_date 04/09/2014
	[next] next_draw_date 2014-04-09
	[next] draw id 6927, created: False 
	[next] draw prize 80000000
	[next] {'date': '2014-04-09', 'jackpot': 80000000, 'future': True, 'id': 6927L, 'result': None}

-----------------------------------------

Found Game {'comp_name': 'MEGA Millions', 'comp_format': 'MegaMillions', 'game_format': 'MegaMillions', 'game_name': 'Mega Millions', 'comp_identifier': 'MegaMillions'}
	Using Handler <class 'yoolotto.lottery.game.megamillions.MegaMillionsGame'>
	[jackpot] Found Jackpot 15000000
	[jackpot] Jackpot Date 2014-04-08

	[last] last_draw_date 04/08/2014
	[last] last_draw_numbers 35-36-41-60-71, Mega Ball: 03
	[last] last_draw_date 2014-04-08
	[last] draw id 6902, created: False 
	[last] draw id 6902 SAVED
	[last] {'date': '2014-04-08', 'jackpot': 15000000, 'future': False, 'id': 6902L, 'result': [35, 36, 41, 60, 71, 3, 3]}
	[last] Firing Notification: False

	[next] Processing NEXT Draw
	[next] next_draw_date 04/11/2014
	[next] next_draw_date 2014-04-11
	[next] draw id 6939, created: False 
	[next] {'date': '2014-04-11', 'jackpot': None, 'future': True, 'id': 6939L, 'result': None}

-----------------------------------------

Found Game {'comp_name': 'Megaplier', 'comp_format': 'Megaplier', 'game_format': 'MegaMillions', 'game_name': 'Mega Millions', 'comp_identifier': 'Megaplier'}
	Using Handler <class 'yoolotto.lottery.game.megamillions.MegaMillionsGame'>
	[jackpot] No Jackpot

	[last] last_draw_date 04/08/2014
	[last] last_draw_numbers 3
	[last] last_draw_date 2014-04-08
	[last] draw id 6903, created: False 
	[last] draw id 6903 SAVED
	[last] {'date': '2014-04-08', 'jackpot': None, 'future': False, 'id': 6903L, 'result': [3]}
	[last] Firing Notification: False

	[next] Processing NEXT Draw
	[next] next_draw_date 04/11/2014
	[next] next_draw_date 2014-04-11
	[next] draw id 6974, created: False 
	[next] {'date': '2014-04-11', 'jackpot': None, 'future': True, 'id': 6974L, 'result': None}

-----------------------------------------

Found Game {'comp_name': 'Lotto', 'comp_format': 'Lotto', 'game_format': 'Lotto', 'game_name': 'Lotto Texas', 'comp_identifier': 'LottoTexas'}
	Using Handler <class 'yoolotto.lottery.game.lottotexas.LottoTexasGame'>
	[jackpot] Found Jackpot 23250000
	[jackpot] Jackpot Date 2014-04-09

	[last] last_draw_date 04/05/2014
	[last] last_draw_numbers 15-24-26-37-49-52
	[last] last_draw_date 2014-04-05
	[last] draw id 5377, created: False 
	[last] draw id 5377 SAVED
	[last] {'date': '2014-04-05', 'jackpot': 22250000L, 'future': False, 'id': 5377L, 'result': [15, 24, 26, 37, 49, 52]}
	[last] Firing Notification: False

	[next] Processing NEXT Draw
	[next] next_draw_date 04/09/2014
	[next] next_draw_date 2014-04-09
	[next] draw id 6925, created: False 
	[next] draw prize 23250000
	[next] {'date': '2014-04-09', 'jackpot': 23250000, 'future': True, 'id': 6925L, 'result': None}

-----------------------------------------

Found Game {'comp_name': 'Cash 5', 'comp_format': 'CashFive', 'game_format': 'CashFive', 'game_name': 'Cash Five', 'comp_identifier': 'CashFive'}
	Using Handler <class 'yoolotto.lottery.game.cashfive.CashFiveGame'>
	[jackpot] No Jackpot

	[last] last_draw_date 04/08/2014
	[last] last_draw_numbers 01-08-24-27-31
	[last] last_draw_date 2014-04-08
	[last] draw id 6947, created: False 
	[last] draw id 6947 SAVED
	[last] {'date': '2014-04-08', 'jackpot': None, 'future': False, 'id': 6947L, 'result': [1, 8, 24, 27, 31]}
	[last] Firing Notification: True

	[next] Processing NEXT Draw
	[next] next_draw_date 04/09/2014
	[next] next_draw_date 2014-04-09
	[next] draw id 6975, created: True 
	[next] {'date': '2014-04-09', 'jackpot': None, 'future': True, 'id': 6975L, 'result': None}

-----------------------------------------

Found Game {'comp_name': 'Two Step', 'comp_format': 'TwoStep', 'game_format': 'TwoStep', 'game_name': 'Two Step', 'comp_identifier': 'TwoStep'}
	Using Handler <class 'yoolotto.lottery.game.twostep.TwoStepGame'>
	[jackpot] Found Jackpot 225000
	[jackpot] Jackpot Date 2014-04-10

	[last] last_draw_date 04/07/2014
	[last] last_draw_numbers 06-13-19-22, Bonus: 10
	[last] last_draw_date 2014-04-07
	[last] draw id 6878, created: False 
	[last] draw id 6878 SAVED
	[last] {'date': '2014-04-07', 'jackpot': 200000L, 'future': False, 'id': 6878L, 'result': [6, 13, 19, 22, 10]}
	[last] Firing Notification: False

	[next] Processing NEXT Draw
	[next] next_draw_date 04/10/2014
	[next] next_draw_date 2014-04-10
	[next] draw id 6941, created: False 
	[next] draw prize 225000
	[next] {'date': '2014-04-10', 'jackpot': 225000, 'future': True, 'id': 6941L, 'result': None}

-----------------------------------------

Found Game {'comp_name': 'All or Nothing Morning', 'comp_format': 'AllOrNothing', 'game_format': 'AllOrNothing', 'game_name': 'All or Nothing', 'comp_identifier': 'AllOrNothingMorning'}
	Using Handler <class 'yoolotto.lottery.game.allornothing.AllOrNothingGame'>
	[jackpot] No Jackpot

	[last] last_draw_date 04/08/2014
	[last] last_draw_numbers 01-02-04-05-07-08-11-13-15-16-18-23
	[last] last_draw_date 2014-04-08
	[last] draw id 6948, created: False 
	[last] draw id 6948 SAVED
	[last] {'date': '2014-04-08', 'jackpot': 250000, 'future': False, 'id': 6948L, 'result': [1, 2, 4, 5, 7, 8, 11, 13, 15, 16, 18, 23]}
	[last] Firing Notification: False

	[next] Processing NEXT Draw
	[next] next_draw_date 04/09/2014
	[next] next_draw_date 2014-04-09
	[next] draw id 6959, created: False 
	[next] {'date': '2014-04-09', 'jackpot': None, 'future': True, 'id': 6959L, 'result': None}

-----------------------------------------

Found Game {'comp_name': 'All or Nothing Day', 'comp_format': 'AllOrNothing', 'game_format': 'AllOrNothing', 'game_name': 'All or Nothing', 'comp_identifier': 'AllOrNothingDay'}
	Using Handler <class 'yoolotto.lottery.game.allornothing.AllOrNothingGame'>
	[jackpot] No Jackpot

	[last] last_draw_date 04/08/2014
	[last] last_draw_numbers 05-06-08-09-11-12-13-17-18-21-22-24
	[last] last_draw_date 2014-04-08
	[last] draw id 6938, created: False 
	[last] draw id 6938 SAVED
	[last] {'date': '2014-04-08', 'jackpot': 250000, 'future': False, 'id': 6938L, 'result': [5, 6, 8, 9, 11, 12, 13, 17, 18, 21, 22, 24]}
	[last] Firing Notification: False

	[next] Processing NEXT Draw
	[next] next_draw_date 04/09/2014
	[next] next_draw_date 2014-04-09
	[next] draw id 6962, created: False 
	[next] {'date': '2014-04-09', 'jackpot': None, 'future': True, 'id': 6962L, 'result': None}

-----------------------------------------

Found Game {'comp_name': 'All or Nothing Evening', 'comp_format': 'AllOrNothing', 'game_format': 'AllOrNothing', 'game_name': 'All or Nothing', 'comp_identifier': 'AllOrNothingEvening'}
	Using Handler <class 'yoolotto.lottery.game.allornothing.AllOrNothingGame'>
	[jackpot] No Jackpot

	[last] last_draw_date 04/08/2014
	[last] last_draw_numbers 03-04-07-10-12-13-15-18-19-20-21-23
	[last] last_draw_date 2014-04-08
	[last] draw id 6949, created: False 
	[last] draw id 6949 SAVED
	[last] {'date': '2014-04-08', 'jackpot': 250000, 'future': False, 'id': 6949L, 'result': [3, 4, 7, 10, 12, 13, 15, 18, 19, 20, 21, 23]}
	[last] Firing Notification: False

	[next] Processing NEXT Draw
	[next] next_draw_date 04/09/2014
	[next] next_draw_date 2014-04-09
	[next] draw id 6966, created: False 
	[next] {'date': '2014-04-09', 'jackpot': None, 'future': True, 'id': 6966L, 'result': None}

-----------------------------------------

Found Game {'comp_name': 'All or Nothing Night', 'comp_format': 'AllOrNothing', 'game_format': 'AllOrNothing', 'game_name': 'All or Nothing', 'comp_identifier': 'AllOrNothingNight'}
	Using Handler <class 'yoolotto.lottery.game.allornothing.AllOrNothingGame'>
	[jackpot] No Jackpot

	[last] last_draw_date 04/08/2014
	[last] last_draw_numbers 01-02-03-06-08-09-13-14-16-18-19-21
	[last] last_draw_date 2014-04-08
	[last] draw id 6950, created: False 
	[last] draw id 6950 SAVED
	[last] {'date': '2014-04-08', 'jackpot': 250000, 'future': False, 'id': 6950L, 'result': [1, 2, 3, 6, 8, 9, 13, 14, 16, 18, 19, 21]}
	[last] Firing Notification: True

	[next] Processing NEXT Draw
	[next] next_draw_date 04/09/2014
	[next] next_draw_date 2014-04-09
	[next] draw id 6976, created: True 
	[next] {'date': '2014-04-09', 'jackpot': None, 'future': True, 'id': 6976L, 'result': None}

-----------------------------------------

Found Game {'comp_name': 'Daily 4 Morning', 'comp_format': 'DailyFour', 'game_format': 'DailyFour', 'game_name': 'Daily Four', 'comp_identifier': 'DailyFourMorning'}
	Using Handler <class 'yoolotto.lottery.game.dailyfour.DailyFourGame'>
	[jackpot] No Jackpot

	[last] last_draw_date 04/08/2014
	[last] last_draw_numbers 8-7-6-6
	[last] last_draw_date 2014-04-08
	[last] draw id 6951, created: False 
	[last] draw id 6951 SAVED
	[last] {'date': '2014-04-08', 'jackpot': None, 'future': False, 'id': 6951L, 'result': [8, 7, 6, 6, 27]}
	[last] Firing Notification: False

	[next] Processing NEXT Draw
	[next] next_draw_date 04/09/2014
	[next] next_draw_date 2014-04-09
	[next] draw id 6960, created: False 
	[next] {'date': '2014-04-09', 'jackpot': None, 'future': True, 'id': 6960L, 'result': None}

-----------------------------------------

Found Game {'comp_name': 'Daily 4 Day', 'comp_format': 'DailyFour', 'game_format': 'DailyFour', 'game_name': 'Daily Four', 'comp_identifier': 'DailyFourDay'}
	Using Handler <class 'yoolotto.lottery.game.dailyfour.DailyFourGame'>
	[jackpot] No Jackpot

	[last] last_draw_date 04/08/2014
	[last] last_draw_numbers 2-8-8-2
	[last] last_draw_date 2014-04-08
	[last] draw id 6952, created: False 
	[last] draw id 6952 SAVED
	[last] {'date': '2014-04-08', 'jackpot': None, 'future': False, 'id': 6952L, 'result': [2, 8, 8, 2, 20]}
	[last] Firing Notification: False

	[next] Processing NEXT Draw
	[next] next_draw_date 04/09/2014
	[next] next_draw_date 2014-04-09
	[next] draw id 6963, created: False 
	[next] {'date': '2014-04-09', 'jackpot': None, 'future': True, 'id': 6963L, 'result': None}

-----------------------------------------

Found Game {'comp_name': 'Daily 4 Evening', 'comp_format': 'DailyFour', 'game_format': 'DailyFour', 'game_name': 'Daily Four', 'comp_identifier': 'DailyFourEvening'}
	Using Handler <class 'yoolotto.lottery.game.dailyfour.DailyFourGame'>
	[jackpot] No Jackpot

	[last] last_draw_date 04/08/2014
	[last] last_draw_numbers 2-6-1-0
	[last] last_draw_date 2014-04-08
	[last] draw id 6953, created: False 
	[last] draw id 6953 SAVED
	[last] {'date': '2014-04-08', 'jackpot': None, 'future': False, 'id': 6953L, 'result': [2, 6, 1, 0, 9]}
	[last] Firing Notification: False

	[next] Processing NEXT Draw
	[next] next_draw_date 04/09/2014
	[next] next_draw_date 2014-04-09
	[next] draw id 6967, created: False 
	[next] {'date': '2014-04-09', 'jackpot': None, 'future': True, 'id': 6967L, 'result': None}

-----------------------------------------

Found Game {'comp_name': 'Daily 4 Night', 'comp_format': 'DailyFour', 'game_format': 'DailyFour', 'game_name': 'Daily Four', 'comp_identifier': 'DailyFourNight'}
	Using Handler <class 'yoolotto.lottery.game.dailyfour.DailyFourGame'>
	[jackpot] No Jackpot

	[last] last_draw_date 04/08/2014
	[last] last_draw_numbers 3-8-0-7
	[last] last_draw_date 2014-04-08
	[last] draw id 6954, created: False 
	[last] draw id 6954 SAVED
	[last] {'date': '2014-04-08', 'jackpot': None, 'future': False, 'id': 6954L, 'result': [3, 8, 0, 7, 18]}
	[last] Firing Notification: True

	[next] Processing NEXT Draw
	[next] next_draw_date 04/09/2014
	[next] next_draw_date 2014-04-09
	[next] draw id 6977, created: True 
	[next] {'date': '2014-04-09', 'jackpot': None, 'future': True, 'id': 6977L, 'result': None}

-----------------------------------------

Found Game {'comp_name': 'Pick 3 Morning', 'comp_format': 'PickThree', 'game_format': 'PickThree', 'game_name': 'Pick Three', 'comp_identifier': 'PickThreeMorning'}
	Using Handler <class 'yoolotto.lottery.game.pickthree.PickThreeGame'>
	[jackpot] No Jackpot

	[last] last_draw_date 04/08/2014
	[last] last_draw_numbers 0-4-7
	[last] last_draw_date 2014-04-08
	[last] draw id 6955, created: False 
	[last] draw id 6955 SAVED
	[last] {'date': '2014-04-08', 'jackpot': None, 'future': False, 'id': 6955L, 'result': [0, 4, 7, 11]}
	[last] Firing Notification: False

	[next] Processing NEXT Draw
	[next] next_draw_date 04/09/2014
	[next] next_draw_date 2014-04-09
	[next] draw id 6961, created: False 
	[next] {'date': '2014-04-09', 'jackpot': None, 'future': True, 'id': 6961L, 'result': None}

-----------------------------------------

Found Game {'comp_name': 'Pick 3 Day', 'comp_format': 'PickThree', 'game_format': 'PickThree', 'game_name': 'Pick Three', 'comp_identifier': 'PickThreeDay'}
	Using Handler <class 'yoolotto.lottery.game.pickthree.PickThreeGame'>
	[jackpot] No Jackpot

	[last] last_draw_date 04/08/2014
	[last] last_draw_numbers 2-4-0
	[last] last_draw_date 2014-04-08
	[last] draw id 6956, created: False 
	[last] draw id 6956 SAVED
	[last] {'date': '2014-04-08', 'jackpot': None, 'future': False, 'id': 6956L, 'result': [2, 4, 0, 6]}
	[last] Firing Notification: False

	[next] Processing NEXT Draw
	[next] next_draw_date 04/09/2014
	[next] next_draw_date 2014-04-09
	[next] draw id 6964, created: False 
	[next] {'date': '2014-04-09', 'jackpot': None, 'future': True, 'id': 6964L, 'result': None}

-----------------------------------------

Found Game {'comp_name': 'Pick 3 Evening', 'comp_format': 'PickThree', 'game_format': 'PickThree', 'game_name': 'Pick Three', 'comp_identifier': 'PickThreeEvening'}
	Using Handler <class 'yoolotto.lottery.game.pickthree.PickThreeGame'>
	[jackpot] No Jackpot

	[last] last_draw_date 04/08/2014
	[last] last_draw_numbers 9-2-6
	[last] last_draw_date 2014-04-08
	[last] draw id 6957, created: False 
	[last] draw id 6957 SAVED
	[last] {'date': '2014-04-08', 'jackpot': None, 'future': False, 'id': 6957L, 'result': [9, 2, 6, 17]}
	[last] Firing Notification: False

	[next] Processing NEXT Draw
	[next] next_draw_date 04/09/2014
	[next] next_draw_date 2014-04-09
	[next] draw id 6968, created: False 
	[next] {'date': '2014-04-09', 'jackpot': None, 'future': True, 'id': 6968L, 'result': None}

-----------------------------------------

Found Game {'comp_name': 'Pick 3 Night', 'comp_format': 'PickThree', 'game_format': 'PickThree', 'game_name': 'Pick Three', 'comp_identifier': 'PickThreeNight'}
	Using Handler <class 'yoolotto.lottery.game.pickthree.PickThreeGame'>
	[jackpot] No Jackpot

	[last] last_draw_date 04/08/2014
	[last] last_draw_numbers 0-9-3
	[last] last_draw_date 2014-04-08
	[last] draw id 6958, created: False 
	[last] draw id 6958 SAVED
	[last] {'date': '2014-04-08', 'jackpot': None, 'future': False, 'id': 6958L, 'result': [0, 9, 3, 12]}
	[last] Firing Notification: True

	[next] Processing NEXT Draw
	[next] next_draw_date 04/09/2014
	[next] next_draw_date 2014-04-09
	[next] draw id 6978, created: True 
	[next] {'date': '2014-04-09', 'jackpot': None, 'future': True, 'id': 6978L, 'result': None}

-----------------------------------------

