Found Game {'comp_name': 'Powerball', 'comp_format': 'Powerball', 'game_format': 'Powerball', 'game_name': 'Powerball', 'comp_identifier': 'Powerball'}
	Using Handler <class 'yoolotto.lottery.game.powerball.PowerBallGame'>
	[jackpot] Found Jackpot 60000000
	[jackpot] Jackpot Date 2014-04-02

	[last] last_draw_date 03/29/2014
	[last] last_draw_numbers 02-03-12-27-38, Powerball: 17, Power Play: 2
	[last] last_draw_date 2014-03-29
	[last] draw id 5240, created: False 
	[last] draw id 5240 SAVED
	[last] {'date': '2014-03-29', 'jackpot': 50000000L, 'future': False, 'id': 5240L, 'result': [2, 3, 12, 27, 38, 17, 2]}
	[last] Firing Notification: False
	[last] Found Powerplay [2] 
	[last] Creating Fake Powerplay Component with value [2] 
	[last] Fake Powerplay Object Saved 27 
	[last] Creating Powerplay Draw 
	[last] Powerplay Object Saved 6687 

	[next] Processing NEXT Draw
	[next] next_draw_date 04/02/2014
	[next] next_draw_date 2014-04-02
	[next] draw id 5308, created: False 
	[next] draw prize 60000000
	[next] {'date': '2014-04-02', 'jackpot': 60000000, 'future': True, 'id': 5308L, 'result': None}

-----------------------------------------

Found Game {'comp_name': 'MEGA Millions', 'comp_format': 'MegaMillions', 'game_format': 'MegaMillions', 'game_name': 'Mega Millions', 'comp_identifier': 'MegaMillions'}
	Using Handler <class 'yoolotto.lottery.game.megamillions.MegaMillionsGame'>
	[jackpot] Found Jackpot 20000000
	[jackpot] Jackpot Date 2014-04-01

	[last] last_draw_date 03/28/2014
	[last] last_draw_numbers 02-03-09-50-73, Mega Ball: 12
	[last] last_draw_date 2014-03-28
	[last] draw id 5241, created: False 
	[last] draw id 5241 SAVED
	[last] {'date': '2014-03-28', 'jackpot': 15000000L, 'future': False, 'id': 5241L, 'result': [2, 3, 9, 50, 73, 12, 3]}
	[last] Firing Notification: False

	[next] Processing NEXT Draw
	[next] next_draw_date 04/01/2014
	[next] next_draw_date 2014-04-01
	[next] draw id 5258, created: False 
	[next] draw prize 20000000
	[next] {'date': '2014-04-01', 'jackpot': 20000000, 'future': True, 'id': 5258L, 'result': None}

-----------------------------------------

Found Game {'comp_name': 'Megaplier', 'comp_format': 'Megaplier', 'game_format': 'MegaMillions', 'game_name': 'Mega Millions', 'comp_identifier': 'Megaplier'}
	Using Handler <class 'yoolotto.lottery.game.megamillions.MegaMillionsGame'>
	[jackpot] No Jackpot

	[last] last_draw_date 03/28/2014
	[last] last_draw_numbers 3
	[last] last_draw_date 2014-03-28
	[last] draw id 6607, created: False 
	[last] draw id 6607 SAVED
	[last] {'date': '2014-03-28', 'jackpot': None, 'future': False, 'id': 6607L, 'result': [3]}
	[last] Firing Notification: False

	[next] Processing NEXT Draw
	[next] next_draw_date 04/01/2014
	[next] next_draw_date 2014-04-01
	[next] draw id 6667, created: False 
	[next] {'date': '2014-04-01', 'jackpot': None, 'future': True, 'id': 6667L, 'result': None}

-----------------------------------------

Found Game {'comp_name': 'Lotto', 'comp_format': 'Lotto', 'game_format': 'Lotto', 'game_name': 'Lotto Texas', 'comp_identifier': 'LottoTexas'}
	Using Handler <class 'yoolotto.lottery.game.lottotexas.LottoTexasGame'>
	[jackpot] Found Jackpot 21000000
	[jackpot] Jackpot Date 2014-04-02

	[last] last_draw_date 03/29/2014
	[last] last_draw_numbers 04-13-16-19-29-30
	[last] last_draw_date 2014-03-29
	[last] draw id 5596, created: False 
	[last] draw id 5596 SAVED
	[last] {'date': '2014-03-29', 'jackpot': 20250000L, 'future': False, 'id': 5596L, 'result': [4, 13, 16, 19, 29, 30]}
	[last] Firing Notification: False

	[next] Processing NEXT Draw
	[next] next_draw_date 04/02/2014
	[next] next_draw_date 2014-04-02
	[next] draw id 6689, created: False 
	[next] draw prize 21000000
	[next] {'date': '2014-04-02', 'jackpot': 21000000, 'future': True, 'id': 6689L, 'result': None}

-----------------------------------------

Found Game {'comp_name': 'Cash 5', 'comp_format': 'CashFive', 'game_format': 'CashFive', 'game_name': 'Cash Five', 'comp_identifier': 'CashFive'}
	Using Handler <class 'yoolotto.lottery.game.cashfive.CashFiveGame'>
	[jackpot] No Jackpot

	[last] last_draw_date 03/31/2014
	[last] last_draw_numbers 15-16-21-24-30
	[last] last_draw_date 2014-03-31
	[last] draw id 6690, created: False 
	[last] draw id 6690 SAVED
	[last] {'date': '2014-03-31', 'jackpot': None, 'future': False, 'id': 6690L, 'result': [15, 16, 21, 24, 30]}
	[last] Firing Notification: False

	[next] Processing NEXT Draw
	[next] next_draw_date 04/01/2014
	[next] next_draw_date 2014-04-01
	[next] draw id 6713, created: False 
	[next] {'date': '2014-04-01', 'jackpot': None, 'future': True, 'id': 6713L, 'result': None}

-----------------------------------------

Found Game {'comp_name': 'Two Step', 'comp_format': 'TwoStep', 'game_format': 'TwoStep', 'game_name': 'Two Step', 'comp_identifier': 'TwoStep'}
	Using Handler <class 'yoolotto.lottery.game.twostep.TwoStepGame'>
	[jackpot] Found Jackpot 625000
	[jackpot] Jackpot Date 2014-04-03

	[last] last_draw_date 03/31/2014
	[last] last_draw_numbers 07-10-21-32, Bonus: 30
	[last] last_draw_date 2014-03-31
	[last] draw id 6648, created: False 
	[last] draw id 6648 SAVED
	[last] {'date': '2014-03-31', 'jackpot': 475000L, 'future': False, 'id': 6648L, 'result': [7, 10, 21, 32, 30]}
	[last] Firing Notification: False

	[next] Processing NEXT Draw
	[next] next_draw_date 04/03/2014
	[next] next_draw_date 2014-04-03
	[next] draw id 5298, created: False 
	[next] draw prize 625000
	[next] {'date': '2014-04-03', 'jackpot': 625000, 'future': True, 'id': 5298L, 'result': None}

-----------------------------------------

Found Game {'comp_name': 'All or Nothing Morning', 'comp_format': 'AllOrNothing', 'game_format': 'AllOrNothing', 'game_name': 'All or Nothing', 'comp_identifier': 'AllOrNothingMorning'}
	Using Handler <class 'yoolotto.lottery.game.allornothing.AllOrNothingGame'>
	[jackpot] No Jackpot

	[last] last_draw_date 03/31/2014
	[last] last_draw_numbers 01-02-04-07-08-09-11-14-17-18-20-23
	[last] last_draw_date 2014-03-31
	[last] draw id 6672, created: False 
	[last] draw id 6672 SAVED
	[last] {'date': '2014-03-31', 'jackpot': 250000, 'future': False, 'id': 6672L, 'result': [1, 2, 4, 7, 8, 9, 11, 14, 17, 18, 20, 23]}
	[last] Firing Notification: False

	[next] Processing NEXT Draw
	[next] next_draw_date 04/01/2014
	[next] next_draw_date 2014-04-01
	[next] draw id 6699, created: False 
	[next] {'date': '2014-04-01', 'jackpot': None, 'future': True, 'id': 6699L, 'result': None}

-----------------------------------------

Found Game {'comp_name': 'All or Nothing Day', 'comp_format': 'AllOrNothing', 'game_format': 'AllOrNothing', 'game_name': 'All or Nothing', 'comp_identifier': 'AllOrNothingDay'}
	Using Handler <class 'yoolotto.lottery.game.allornothing.AllOrNothingGame'>
	[jackpot] No Jackpot

	[last] last_draw_date 03/31/2014
	[last] last_draw_numbers 09-10-12-13-14-15-17-18-19-21-22-23
	[last] last_draw_date 2014-03-31
	[last] draw id 6675, created: False 
	[last] draw id 6675 SAVED
	[last] {'date': '2014-03-31', 'jackpot': 250000, 'future': False, 'id': 6675L, 'result': [9, 10, 12, 13, 14, 15, 17, 18, 19, 21, 22, 23]}
	[last] Firing Notification: False

	[next] Processing NEXT Draw
	[next] next_draw_date 04/01/2014
	[next] next_draw_date 2014-04-01
	[next] draw id 6702, created: False 
	[next] {'date': '2014-04-01', 'jackpot': None, 'future': True, 'id': 6702L, 'result': None}

-----------------------------------------

Found Game {'comp_name': 'All or Nothing Evening', 'comp_format': 'AllOrNothing', 'game_format': 'AllOrNothing', 'game_name': 'All or Nothing', 'comp_identifier': 'AllOrNothingEvening'}
	Using Handler <class 'yoolotto.lottery.game.allornothing.AllOrNothingGame'>
	[jackpot] No Jackpot

	[last] last_draw_date 03/31/2014
	[last] last_draw_numbers 02-03-07-08-10-11-12-13-16-18-23-24
	[last] last_draw_date 2014-03-31
	[last] draw id 6679, created: False 
	[last] draw id 6679 SAVED
	[last] {'date': '2014-03-31', 'jackpot': 250000, 'future': False, 'id': 6679L, 'result': [2, 3, 7, 8, 10, 11, 12, 13, 16, 18, 23, 24]}
	[last] Firing Notification: False

	[next] Processing NEXT Draw
	[next] next_draw_date 04/01/2014
	[next] next_draw_date 2014-04-01
	[next] draw id 6706, created: False 
	[next] {'date': '2014-04-01', 'jackpot': None, 'future': True, 'id': 6706L, 'result': None}

-----------------------------------------

Found Game {'comp_name': 'All or Nothing Night', 'comp_format': 'AllOrNothing', 'game_format': 'AllOrNothing', 'game_name': 'All or Nothing', 'comp_identifier': 'AllOrNothingNight'}
	Using Handler <class 'yoolotto.lottery.game.allornothing.AllOrNothingGame'>
	[jackpot] No Jackpot

	[last] last_draw_date 03/31/2014
	[last] last_draw_numbers 01-04-05-10-12-13-14-16-17-20-22-23
	[last] last_draw_date 2014-03-31
	[last] draw id 6691, created: False 
	[last] draw id 6691 SAVED
	[last] {'date': '2014-03-31', 'jackpot': 250000, 'future': False, 'id': 6691L, 'result': [1, 4, 5, 10, 12, 13, 14, 16, 17, 20, 22, 23]}
	[last] Firing Notification: False

	[next] Processing NEXT Draw
	[next] next_draw_date 04/01/2014
	[next] next_draw_date 2014-04-01
	[next] draw id 6714, created: False 
	[next] {'date': '2014-04-01', 'jackpot': None, 'future': True, 'id': 6714L, 'result': None}

-----------------------------------------

Found Game {'comp_name': 'Daily 4 Morning', 'comp_format': 'DailyFour', 'game_format': 'DailyFour', 'game_name': 'Daily Four', 'comp_identifier': 'DailyFourMorning'}
	Using Handler <class 'yoolotto.lottery.game.dailyfour.DailyFourGame'>
	[jackpot] No Jackpot

	[last] last_draw_date 03/31/2014
	[last] last_draw_numbers 3-5-6-2
	[last] last_draw_date 2014-03-31
	[last] draw id 6673, created: False 
	[last] draw id 6673 SAVED
	[last] {'date': '2014-03-31', 'jackpot': None, 'future': False, 'id': 6673L, 'result': [3, 5, 6, 2, 16]}
	[last] Firing Notification: False

	[next] Processing NEXT Draw
	[next] next_draw_date 04/01/2014
	[next] next_draw_date 2014-04-01
	[next] draw id 6700, created: False 
	[next] {'date': '2014-04-01', 'jackpot': None, 'future': True, 'id': 6700L, 'result': None}

-----------------------------------------

Found Game {'comp_name': 'Daily 4 Day', 'comp_format': 'DailyFour', 'game_format': 'DailyFour', 'game_name': 'Daily Four', 'comp_identifier': 'DailyFourDay'}
	Using Handler <class 'yoolotto.lottery.game.dailyfour.DailyFourGame'>
	[jackpot] No Jackpot

	[last] last_draw_date 03/31/2014
	[last] last_draw_numbers 5-7-0-6
	[last] last_draw_date 2014-03-31
	[last] draw id 6676, created: False 
	[last] draw id 6676 SAVED
	[last] {'date': '2014-03-31', 'jackpot': None, 'future': False, 'id': 6676L, 'result': [5, 7, 0, 6, 18]}
	[last] Firing Notification: False

	[next] Processing NEXT Draw
	[next] next_draw_date 04/01/2014
	[next] next_draw_date 2014-04-01
	[next] draw id 6703, created: False 
	[next] {'date': '2014-04-01', 'jackpot': None, 'future': True, 'id': 6703L, 'result': None}

-----------------------------------------

Found Game {'comp_name': 'Daily 4 Evening', 'comp_format': 'DailyFour', 'game_format': 'DailyFour', 'game_name': 'Daily Four', 'comp_identifier': 'DailyFourEvening'}
	Using Handler <class 'yoolotto.lottery.game.dailyfour.DailyFourGame'>
	[jackpot] No Jackpot

	[last] last_draw_date 03/31/2014
	[last] last_draw_numbers 0-6-4-9
	[last] last_draw_date 2014-03-31
	[last] draw id 6680, created: False 
	[last] draw id 6680 SAVED
	[last] {'date': '2014-03-31', 'jackpot': None, 'future': False, 'id': 6680L, 'result': [0, 6, 4, 9, 19]}
	[last] Firing Notification: False

	[next] Processing NEXT Draw
	[next] next_draw_date 04/01/2014
	[next] next_draw_date 2014-04-01
	[next] draw id 6707, created: False 
	[next] {'date': '2014-04-01', 'jackpot': None, 'future': True, 'id': 6707L, 'result': None}

-----------------------------------------

Found Game {'comp_name': 'Daily 4 Night', 'comp_format': 'DailyFour', 'game_format': 'DailyFour', 'game_name': 'Daily Four', 'comp_identifier': 'DailyFourNight'}
	Using Handler <class 'yoolotto.lottery.game.dailyfour.DailyFourGame'>
	[jackpot] No Jackpot

	[last] last_draw_date 03/31/2014
	[last] last_draw_numbers 0-2-8-8
	[last] last_draw_date 2014-03-31
	[last] draw id 6692, created: False 
	[last] draw id 6692 SAVED
	[last] {'date': '2014-03-31', 'jackpot': None, 'future': False, 'id': 6692L, 'result': [0, 2, 8, 8, 18]}
	[last] Firing Notification: False

	[next] Processing NEXT Draw
	[next] next_draw_date 04/01/2014
	[next] next_draw_date 2014-04-01
	[next] draw id 6715, created: False 
	[next] {'date': '2014-04-01', 'jackpot': None, 'future': True, 'id': 6715L, 'result': None}

-----------------------------------------

Found Game {'comp_name': 'Pick 3 Morning', 'comp_format': 'PickThree', 'game_format': 'PickThree', 'game_name': 'Pick Three', 'comp_identifier': 'PickThreeMorning'}
	Using Handler <class 'yoolotto.lottery.game.pickthree.PickThreeGame'>
	[jackpot] No Jackpot

	[last] last_draw_date 03/31/2014
	[last] last_draw_numbers 1-8-0
	[last] last_draw_date 2014-03-31
	[last] draw id 6674, created: False 
	[last] draw id 6674 SAVED
	[last] {'date': '2014-03-31', 'jackpot': None, 'future': False, 'id': 6674L, 'result': [1, 8, 0, 9]}
	[last] Firing Notification: False

	[next] Processing NEXT Draw
	[next] next_draw_date 04/01/2014
	[next] next_draw_date 2014-04-01
	[next] draw id 6701, created: False 
	[next] {'date': '2014-04-01', 'jackpot': None, 'future': True, 'id': 6701L, 'result': None}

-----------------------------------------

Found Game {'comp_name': 'Pick 3 Day', 'comp_format': 'PickThree', 'game_format': 'PickThree', 'game_name': 'Pick Three', 'comp_identifier': 'PickThreeDay'}
	Using Handler <class 'yoolotto.lottery.game.pickthree.PickThreeGame'>
	[jackpot] No Jackpot

	[last] last_draw_date 03/31/2014
	[last] last_draw_numbers 5-0-3
	[last] last_draw_date 2014-03-31
	[last] draw id 6677, created: False 
	[last] draw id 6677 SAVED
	[last] {'date': '2014-03-31', 'jackpot': None, 'future': False, 'id': 6677L, 'result': [5, 0, 3, 8]}
	[last] Firing Notification: False

	[next] Processing NEXT Draw
	[next] next_draw_date 04/01/2014
	[next] next_draw_date 2014-04-01
	[next] draw id 6704, created: False 
	[next] {'date': '2014-04-01', 'jackpot': None, 'future': True, 'id': 6704L, 'result': None}

-----------------------------------------

Found Game {'comp_name': 'Pick 3 Evening', 'comp_format': 'PickThree', 'game_format': 'PickThree', 'game_name': 'Pick Three', 'comp_identifier': 'PickThreeEvening'}
	Using Handler <class 'yoolotto.lottery.game.pickthree.PickThreeGame'>
	[jackpot] No Jackpot

	[last] last_draw_date 03/31/2014
	[last] last_draw_numbers 9-8-6
	[last] last_draw_date 2014-03-31
	[last] draw id 6681, created: False 
	[last] draw id 6681 SAVED
	[last] {'date': '2014-03-31', 'jackpot': None, 'future': False, 'id': 6681L, 'result': [9, 8, 6, 23]}
	[last] Firing Notification: False

	[next] Processing NEXT Draw
	[next] next_draw_date 04/01/2014
	[next] next_draw_date 2014-04-01
	[next] draw id 6708, created: False 
	[next] {'date': '2014-04-01', 'jackpot': None, 'future': True, 'id': 6708L, 'result': None}

-----------------------------------------

Found Game {'comp_name': 'Pick 3 Night', 'comp_format': 'PickThree', 'game_format': 'PickThree', 'game_name': 'Pick Three', 'comp_identifier': 'PickThreeNight'}
	Using Handler <class 'yoolotto.lottery.game.pickthree.PickThreeGame'>
	[jackpot] No Jackpot

	[last] last_draw_date 03/31/2014
	[last] last_draw_numbers 8-9-1
	[last] last_draw_date 2014-03-31
	[last] draw id 6693, created: False 
	[last] draw id 6693 SAVED
	[last] {'date': '2014-03-31', 'jackpot': None, 'future': False, 'id': 6693L, 'result': [8, 9, 1, 18]}
	[last] Firing Notification: False

	[next] Processing NEXT Draw
	[next] next_draw_date 04/01/2014
	[next] next_draw_date 2014-04-01
	[next] draw id 6716, created: False 
	[next] {'date': '2014-04-01', 'jackpot': None, 'future': True, 'id': 6716L, 'result': None}

-----------------------------------------

