Found Game {'comp_name': 'Powerball', 'comp_format': 'Powerball', 'game_format': 'Powerball', 'game_name': 'Powerball', 'comp_identifier': 'Powerball'}
	Using Handler <class 'yoolotto.lottery.game.powerball.PowerBallGame'>
	[jackpot] Found Jackpot 94000000
	[jackpot] Jackpot Date 2014-04-12

	[last] last_draw_date 04/09/2014
	[last] last_draw_numbers 09-14-44-48-49, Powerball: 29, Power Play: 2
	[last] last_draw_date 2014-04-09
	[last] draw id 6927, created: False 
	[last] draw id 6927 SAVED
	[last] {'date': '2014-04-09', 'jackpot': 80000000L, 'future': False, 'id': 6927L, 'result': [9, 14, 44, 48, 49, 29, 2]}
	[last] Firing Notification: True
	[last] Found Powerplay [2] 
	[last] Creating Fake Powerplay Component with value [2] 
	[last] Fake Powerplay Object Saved 27 
	[last] Creating Powerplay Draw 
	[last] Powerplay Object Saved 7005 

	[next] Processing NEXT Draw
	[next] next_draw_date 04/12/2014
	[next] next_draw_date 2014-04-12
	[next] draw id 6940, created: False 
	[next] draw prize 94000000
	[next] {'date': '2014-04-12', 'jackpot': 94000000, 'future': True, 'id': 6940L, 'result': None}

-----------------------------------------

Found Game {'comp_name': 'MEGA Millions', 'comp_format': 'MegaMillions', 'game_format': 'MegaMillions', 'game_name': 'Mega Millions', 'comp_identifier': 'MegaMillions'}
	Using Handler <class 'yoolotto.lottery.game.megamillions.MegaMillionsGame'>
	[jackpot] Found Jackpot 20000000
	[jackpot] Jackpot Date 2014-04-11

	[last] last_draw_date 04/08/2014
	[last] last_draw_numbers 35-36-41-60-71, Mega Ball: 03
	[last] last_draw_date 2014-04-08
	[last] draw id 6902, created: False 
	[last] draw id 6902 SAVED
	[last] {'date': '2014-04-08', 'jackpot': 15000000L, 'future': False, 'id': 6902L, 'result': [35, 36, 41, 60, 71, 3, 3]}
	[last] Firing Notification: False

	[next] Processing NEXT Draw
	[next] next_draw_date 04/11/2014
	[next] next_draw_date 2014-04-11
	[next] draw id 6939, created: False 
	[next] draw prize 20000000
	[next] {'date': '2014-04-11', 'jackpot': 20000000, 'future': True, 'id': 6939L, 'result': None}

-----------------------------------------

Found Game {'comp_name': 'Megaplier', 'comp_format': 'Megaplier', 'game_format': 'MegaMillions', 'game_name': 'Mega Millions', 'comp_identifier': 'Megaplier'}
	Using Handler <class 'yoolotto.lottery.game.megamillions.MegaMillionsGame'>
	[jackpot] No Jackpot

	[last] last_draw_date 04/08/2014
	[last] last_draw_numbers 3
	[last] last_draw_date 2014-04-08
	[last] draw id 6903, created: False 
	[last] draw id 6903 SAVED
	[last] {'date': '2014-04-08', 'jackpot': None, 'future': False, 'id': 6903L, 'result': [3]}
	[last] Firing Notification: False

	[next] Processing NEXT Draw
	[next] next_draw_date 04/11/2014
	[next] next_draw_date 2014-04-11
	[next] draw id 6974, created: False 
	[next] {'date': '2014-04-11', 'jackpot': None, 'future': True, 'id': 6974L, 'result': None}

-----------------------------------------

Found Game {'comp_name': 'Lotto', 'comp_format': 'Lotto', 'game_format': 'Lotto', 'game_name': 'Lotto Texas', 'comp_identifier': 'LottoTexas'}
	Using Handler <class 'yoolotto.lottery.game.lottotexas.LottoTexasGame'>
	[jackpot] Found Jackpot 24000000
	[jackpot] Jackpot Date 2014-04-12

	[last] last_draw_date 04/09/2014
	[last] last_draw_numbers 01-03-09-22-23-54
	[last] last_draw_date 2014-04-09
	[last] draw id 6925, created: False 
	[last] draw id 6925 SAVED
	[last] {'date': '2014-04-09', 'jackpot': 23250000L, 'future': False, 'id': 6925L, 'result': [1, 3, 9, 22, 23, 54]}
	[last] Firing Notification: True

	[next] Processing NEXT Draw
	[next] next_draw_date 04/12/2014
	[next] next_draw_date 2014-04-12
	[next] draw id 6980, created: False 
	[next] draw prize 24000000
	[next] {'date': '2014-04-12', 'jackpot': 24000000, 'future': True, 'id': 6980L, 'result': None}

-----------------------------------------

Found Game {'comp_name': 'Cash 5', 'comp_format': 'CashFive', 'game_format': 'CashFive', 'game_name': 'Cash Five', 'comp_identifier': 'CashFive'}
	Using Handler <class 'yoolotto.lottery.game.cashfive.CashFiveGame'>
	[jackpot] No Jackpot

	[last] last_draw_date 04/09/2014
	[last] last_draw_numbers 01-05-08-12-17
	[last] last_draw_date 2014-04-09
	[last] draw id 6975, created: False 
	[last] draw id 6975 SAVED
	[last] {'date': '2014-04-09', 'jackpot': None, 'future': False, 'id': 6975L, 'result': [1, 5, 8, 12, 17]}
	[last] Firing Notification: True

	[next] Processing NEXT Draw
	[next] next_draw_date 04/10/2014
	[next] next_draw_date 2014-04-10
	[next] draw id 7007, created: True 
	[next] {'date': '2014-04-10', 'jackpot': None, 'future': True, 'id': 7007L, 'result': None}

-----------------------------------------

Found Game {'comp_name': 'Two Step', 'comp_format': 'TwoStep', 'game_format': 'TwoStep', 'game_name': 'Two Step', 'comp_identifier': 'TwoStep'}
	Using Handler <class 'yoolotto.lottery.game.twostep.TwoStepGame'>
	[jackpot] Found Jackpot 225000
	[jackpot] Jackpot Date 2014-04-10

	[last] last_draw_date 04/07/2014
	[last] last_draw_numbers 06-13-19-22, Bonus: 10
	[last] last_draw_date 2014-04-07
	[last] draw id 6878, created: False 
	[last] draw id 6878 SAVED
	[last] {'date': '2014-04-07', 'jackpot': 200000L, 'future': False, 'id': 6878L, 'result': [6, 13, 19, 22, 10]}
	[last] Firing Notification: False

	[next] Processing NEXT Draw
	[next] next_draw_date 04/10/2014
	[next] next_draw_date 2014-04-10
	[next] draw id 6941, created: False 
	[next] draw prize 225000
	[next] {'date': '2014-04-10', 'jackpot': 225000, 'future': True, 'id': 6941L, 'result': None}

-----------------------------------------

Found Game {'comp_name': 'All or Nothing Morning', 'comp_format': 'AllOrNothing', 'game_format': 'AllOrNothing', 'game_name': 'All or Nothing', 'comp_identifier': 'AllOrNothingMorning'}
	Using Handler <class 'yoolotto.lottery.game.allornothing.AllOrNothingGame'>
	[jackpot] No Jackpot

	[last] last_draw_date 04/10/2014
	[last] last_draw_numbers 01-02-03-04-06-08-09-10-13-19-20-21
	[last] last_draw_date 2014-04-10
	[last] draw id 6982, created: False 
	[last] draw id 6982 SAVED
	[last] {'date': '2014-04-10', 'jackpot': 250000, 'future': False, 'id': 6982L, 'result': [1, 2, 3, 4, 6, 8, 9, 10, 13, 19, 20, 21]}
	[last] Firing Notification: True

	[next] Processing NEXT Draw
	[next] next_draw_date 04/11/2014
	[next] next_draw_date 2014-04-11
	[next] draw id 7009, created: True 
	[next] {'date': '2014-04-11', 'jackpot': None, 'future': True, 'id': 7009L, 'result': None}

-----------------------------------------

Found Game {'comp_name': 'All or Nothing Day', 'comp_format': 'AllOrNothing', 'game_format': 'AllOrNothing', 'game_name': 'All or Nothing', 'comp_identifier': 'AllOrNothingDay'}
	Using Handler <class 'yoolotto.lottery.game.allornothing.AllOrNothingGame'>
	[jackpot] No Jackpot

	[last] last_draw_date 04/10/2014
	[last] last_draw_numbers 01-02-03-04-07-09-10-13-14-16-21-24
	[last] last_draw_date 2014-04-10
	[last] draw id 6984, created: False 
	[last] draw id 6984 SAVED
	[last] {'date': '2014-04-10', 'jackpot': 250000, 'future': False, 'id': 6984L, 'result': [1, 2, 3, 4, 7, 9, 10, 13, 14, 16, 21, 24]}
	[last] Firing Notification: True

	[next] Processing NEXT Draw
	[next] next_draw_date 04/11/2014
	[next] next_draw_date 2014-04-11
	[next] draw id 7011, created: True 
	[next] {'date': '2014-04-11', 'jackpot': None, 'future': True, 'id': 7011L, 'result': None}

-----------------------------------------

Found Game {'comp_name': 'All or Nothing Evening', 'comp_format': 'AllOrNothing', 'game_format': 'AllOrNothing', 'game_name': 'All or Nothing', 'comp_identifier': 'AllOrNothingEvening'}
	Using Handler <class 'yoolotto.lottery.game.allornothing.AllOrNothingGame'>
	[jackpot] No Jackpot

	[last] last_draw_date 04/09/2014
	[last] last_draw_numbers 01-02-03-07-12-13-17-18-19-22-23-24
	[last] last_draw_date 2014-04-09
	[last] draw id 6966, created: False 
	[last] draw id 6966 SAVED
	[last] {'date': '2014-04-09', 'jackpot': 250000, 'future': False, 'id': 6966L, 'result': [1, 2, 3, 7, 12, 13, 17, 18, 19, 22, 23, 24]}
	[last] Firing Notification: True

	[next] Processing NEXT Draw
	[next] next_draw_date 04/10/2014
	[next] next_draw_date 2014-04-10
	[next] draw id 7013, created: True 
	[next] {'date': '2014-04-10', 'jackpot': None, 'future': True, 'id': 7013L, 'result': None}

-----------------------------------------

Found Game {'comp_name': 'All or Nothing Night', 'comp_format': 'AllOrNothing', 'game_format': 'AllOrNothing', 'game_name': 'All or Nothing', 'comp_identifier': 'AllOrNothingNight'}
	Using Handler <class 'yoolotto.lottery.game.allornothing.AllOrNothingGame'>
	[jackpot] No Jackpot

	[last] last_draw_date 04/09/2014
	[last] last_draw_numbers 01-02-03-04-10-12-13-17-18-21-23-24
	[last] last_draw_date 2014-04-09
	[last] draw id 6976, created: False 
	[last] draw id 6976 SAVED
	[last] {'date': '2014-04-09', 'jackpot': 250000, 'future': False, 'id': 6976L, 'result': [1, 2, 3, 4, 10, 12, 13, 17, 18, 21, 23, 24]}
	[last] Firing Notification: False

	[next] Processing NEXT Draw
	[next] next_draw_date 04/10/2014
	[next] next_draw_date 2014-04-10
	[next] draw id 7014, created: False 
	[next] {'date': '2014-04-10', 'jackpot': None, 'future': True, 'id': 7014L, 'result': None}

-----------------------------------------

Found Game {'comp_name': 'Daily 4 Morning', 'comp_format': 'DailyFour', 'game_format': 'DailyFour', 'game_name': 'Daily Four', 'comp_identifier': 'DailyFourMorning'}
	Using Handler <class 'yoolotto.lottery.game.dailyfour.DailyFourGame'>
	[jackpot] No Jackpot

	[last] last_draw_date 04/10/2014
	[last] last_draw_numbers 3-2-3-5
	[last] last_draw_date 2014-04-10
	[last] draw id 6983, created: False 
	[last] draw id 6983 SAVED
	[last] {'date': '2014-04-10', 'jackpot': None, 'future': False, 'id': 6983L, 'result': [3, 2, 3, 5, 13]}
	[last] Firing Notification: False

	[next] Processing NEXT Draw
	[next] next_draw_date 04/11/2014
	[next] next_draw_date 2014-04-11
	[next] draw id 7016, created: True 
	[next] {'date': '2014-04-11', 'jackpot': None, 'future': True, 'id': 7016L, 'result': None}

-----------------------------------------

Found Game {'comp_name': 'Daily 4 Day', 'comp_format': 'DailyFour', 'game_format': 'DailyFour', 'game_name': 'Daily Four', 'comp_identifier': 'DailyFourDay'}
	Using Handler <class 'yoolotto.lottery.game.dailyfour.DailyFourGame'>
	[jackpot] No Jackpot

	[last] last_draw_date 04/10/2014
	[last] last_draw_numbers 6-6-8-1
	[last] last_draw_date 2014-04-10
	[last] draw id 6985, created: False 
	[last] draw id 6985 SAVED
	[last] {'date': '2014-04-10', 'jackpot': None, 'future': False, 'id': 6985L, 'result': [6, 6, 8, 1, 21]}
	[last] Firing Notification: True

	[next] Processing NEXT Draw
	[next] next_draw_date 04/11/2014
	[next] next_draw_date 2014-04-11
	[next] draw id 7018, created: True 
	[next] {'date': '2014-04-11', 'jackpot': None, 'future': True, 'id': 7018L, 'result': None}

-----------------------------------------

Found Game {'comp_name': 'Daily 4 Evening', 'comp_format': 'DailyFour', 'game_format': 'DailyFour', 'game_name': 'Daily Four', 'comp_identifier': 'DailyFourEvening'}
	Using Handler <class 'yoolotto.lottery.game.dailyfour.DailyFourGame'>
	[jackpot] No Jackpot

	[last] last_draw_date 04/09/2014
	[last] last_draw_numbers 0-6-3-9
	[last] last_draw_date 2014-04-09
	[last] draw id 6967, created: False 
	[last] draw id 6967 SAVED
	[last] {'date': '2014-04-09', 'jackpot': None, 'future': False, 'id': 6967L, 'result': [0, 6, 3, 9, 18]}
	[last] Firing Notification: True

	[next] Processing NEXT Draw
	[next] next_draw_date 04/10/2014
	[next] next_draw_date 2014-04-10
	[next] draw id 7020, created: True 
	[next] {'date': '2014-04-10', 'jackpot': None, 'future': True, 'id': 7020L, 'result': None}

-----------------------------------------

Found Game {'comp_name': 'Daily 4 Night', 'comp_format': 'DailyFour', 'game_format': 'DailyFour', 'game_name': 'Daily Four', 'comp_identifier': 'DailyFourNight'}
	Using Handler <class 'yoolotto.lottery.game.dailyfour.DailyFourGame'>
	[jackpot] No Jackpot

	[last] last_draw_date 04/09/2014
	[last] last_draw_numbers 3-8-2-5
	[last] last_draw_date 2014-04-09
	[last] draw id 6977, created: False 
	[last] draw id 6977 SAVED
	[last] {'date': '2014-04-09', 'jackpot': None, 'future': False, 'id': 6977L, 'result': [3, 8, 2, 5, 18]}
	[last] Firing Notification: True

	[next] Processing NEXT Draw
	[next] next_draw_date 04/10/2014
	[next] next_draw_date 2014-04-10
	[next] draw id 7021, created: False 
	[next] {'date': '2014-04-10', 'jackpot': None, 'future': True, 'id': 7021L, 'result': None}

-----------------------------------------

Found Game {'comp_name': 'Pick 3 Morning', 'comp_format': 'PickThree', 'game_format': 'PickThree', 'game_name': 'Pick Three', 'comp_identifier': 'PickThreeMorning'}
	Using Handler <class 'yoolotto.lottery.game.pickthree.PickThreeGame'>
	[jackpot] No Jackpot

	[last] last_draw_date 04/10/2014
	[last] last_draw_numbers 8-1-8
	[last] last_draw_date 2014-04-10
	[last] draw id 6981, created: False 
	[last] draw id 6981 SAVED
	[last] {'date': '2014-04-10', 'jackpot': None, 'future': False, 'id': 6981L, 'result': [8, 1, 8, 17]}
	[last] Firing Notification: True

	[next] Processing NEXT Draw
	[next] next_draw_date 04/11/2014
	[next] next_draw_date 2014-04-11
	[next] draw id 7023, created: True 
	[next] {'date': '2014-04-11', 'jackpot': None, 'future': True, 'id': 7023L, 'result': None}

-----------------------------------------

Found Game {'comp_name': 'Pick 3 Day', 'comp_format': 'PickThree', 'game_format': 'PickThree', 'game_name': 'Pick Three', 'comp_identifier': 'PickThreeDay'}
	Using Handler <class 'yoolotto.lottery.game.pickthree.PickThreeGame'>
	[jackpot] No Jackpot

	[last] last_draw_date 04/10/2014
	[last] last_draw_numbers 1-6-3
	[last] last_draw_date 2014-04-10
	[last] draw id 6986, created: False 
	[last] draw id 6986 SAVED
	[last] {'date': '2014-04-10', 'jackpot': None, 'future': False, 'id': 6986L, 'result': [1, 6, 3, 10]}
	[last] Firing Notification: True

	[next] Processing NEXT Draw
	[next] next_draw_date 04/11/2014
	[next] next_draw_date 2014-04-11
	[next] draw id 7025, created: True 
	[next] {'date': '2014-04-11', 'jackpot': None, 'future': True, 'id': 7025L, 'result': None}

-----------------------------------------

Found Game {'comp_name': 'Pick 3 Evening', 'comp_format': 'PickThree', 'game_format': 'PickThree', 'game_name': 'Pick Three', 'comp_identifier': 'PickThreeEvening'}
	Using Handler <class 'yoolotto.lottery.game.pickthree.PickThreeGame'>
	[jackpot] No Jackpot

	[last] last_draw_date 04/09/2014
	[last] last_draw_numbers 5-2-9
	[last] last_draw_date 2014-04-09
	[last] draw id 6968, created: False 
	[last] draw id 6968 SAVED
	[last] {'date': '2014-04-09', 'jackpot': None, 'future': False, 'id': 6968L, 'result': [5, 2, 9, 16]}
	[last] Firing Notification: False

	[next] Processing NEXT Draw
	[next] next_draw_date 04/10/2014
	[next] next_draw_date 2014-04-10
	[next] draw id 7026, created: False 
	[next] {'date': '2014-04-10', 'jackpot': None, 'future': True, 'id': 7026L, 'result': None}

-----------------------------------------

Found Game {'comp_name': 'Pick 3 Night', 'comp_format': 'PickThree', 'game_format': 'PickThree', 'game_name': 'Pick Three', 'comp_identifier': 'PickThreeNight'}
	Using Handler <class 'yoolotto.lottery.game.pickthree.PickThreeGame'>
	[jackpot] No Jackpot

	[last] last_draw_date 04/09/2014
	[last] last_draw_numbers 0-3-3
	[last] last_draw_date 2014-04-09
	[last] draw id 6978, created: False 
	[last] draw id 6978 SAVED
	[last] {'date': '2014-04-09', 'jackpot': None, 'future': False, 'id': 6978L, 'result': [0, 3, 3, 6]}
	[last] Firing Notification: True

	[next] Processing NEXT Draw
	[next] next_draw_date 04/10/2014
	[next] next_draw_date 2014-04-10
	[next] draw id 7028, created: True 
	[next] {'date': '2014-04-10', 'jackpot': None, 'future': True, 'id': 7028L, 'result': None}

-----------------------------------------

