Found Game {'comp_name': 'Powerball', 'comp_format': 'Powerball', 'game_format': 'Powerball', 'game_name': 'Powerball', 'comp_identifier': 'Powerball'}
	Using Handler <class 'yoolotto.lottery.game.powerball.PowerBallGame'>
	[jackpot] Found Jackpot 60000000
	[jackpot] Jackpot Date 2014-04-02

	[last] last_draw_date 03/29/2014
	[last] last_draw_numbers 02-03-12-27-38, Powerball: 17, Power Play: 2
	[last] last_draw_date 2014-03-29
	[last] draw id 5240, created: False 
	[last] draw id 5240 SAVED
	[last] {'date': '2014-03-29', 'jackpot': 50000000L, 'future': False, 'id': 5240L, 'result': [2, 3, 12, 27, 38, 17, 2]}
	[last] Firing Notification: False
	[last] Found Powerplay [2] 
	[last] Creating Fake Powerplay Component with value [2] 
	[last] Fake Powerplay Object Saved 27 
	[last] Creating Powerplay Draw 
	[last] Powerplay Object Saved 6687 

	[next] Processing NEXT Draw
	[next] next_draw_date 04/02/2014
	[next] next_draw_date 2014-04-02
	[next] draw id 5308, created: False 
	[next] draw prize 60000000
	[next] {'date': '2014-04-02', 'jackpot': 60000000, 'future': True, 'id': 5308L, 'result': None}

-----------------------------------------

Found Game {'comp_name': 'MEGA Millions', 'comp_format': 'MegaMillions', 'game_format': 'MegaMillions', 'game_name': 'Mega Millions', 'comp_identifier': 'MegaMillions'}
	Using Handler <class 'yoolotto.lottery.game.megamillions.MegaMillionsGame'>
	[jackpot] Found Jackpot 30000000
	[jackpot] Jackpot Date 2014-04-04

	[last] last_draw_date 04/01/2014
	[last] last_draw_numbers 10-23-68-74-75, Mega Ball: 09
	[last] last_draw_date 2014-04-01
	[last] draw id 5258, created: False 
	[last] draw id 5258 SAVED
	[last] {'date': '2014-04-01', 'jackpot': 20000000L, 'future': False, 'id': 5258L, 'result': [10, 23, 68, 74, 75, 9, 5]}
	[last] Firing Notification: False

	[next] Processing NEXT Draw
	[next] next_draw_date 04/04/2014
	[next] next_draw_date 2014-04-04
	[next] draw id 5319, created: False 
	[next] draw prize 30000000
	[next] {'date': '2014-04-04', 'jackpot': 30000000, 'future': True, 'id': 5319L, 'result': None}

-----------------------------------------

Found Game {'comp_name': 'Megaplier', 'comp_format': 'Megaplier', 'game_format': 'MegaMillions', 'game_name': 'Mega Millions', 'comp_identifier': 'Megaplier'}
	Using Handler <class 'yoolotto.lottery.game.megamillions.MegaMillionsGame'>
	[jackpot] No Jackpot

	[last] last_draw_date 04/01/2014
	[last] last_draw_numbers 5
	[last] last_draw_date 2014-04-01
	[last] draw id 6667, created: False 
	[last] draw id 6667 SAVED
	[last] {'date': '2014-04-01', 'jackpot': None, 'future': False, 'id': 6667L, 'result': [5]}
	[last] Firing Notification: False

	[next] Processing NEXT Draw
	[next] next_draw_date 04/04/2014
	[next] next_draw_date 2014-04-04
	[next] draw id 6732, created: False 
	[next] {'date': '2014-04-04', 'jackpot': None, 'future': True, 'id': 6732L, 'result': None}

-----------------------------------------

Found Game {'comp_name': 'Lotto', 'comp_format': 'Lotto', 'game_format': 'Lotto', 'game_name': 'Lotto Texas', 'comp_identifier': 'LottoTexas'}
	Using Handler <class 'yoolotto.lottery.game.lottotexas.LottoTexasGame'>
	[jackpot] Found Jackpot 21000000
	[jackpot] Jackpot Date 2014-04-02

	[last] last_draw_date 03/29/2014
	[last] last_draw_numbers 04-13-16-19-29-30
	[last] last_draw_date 2014-03-29
	[last] draw id 5596, created: False 
	[last] draw id 5596 SAVED
	[last] {'date': '2014-03-29', 'jackpot': 20250000L, 'future': False, 'id': 5596L, 'result': [4, 13, 16, 19, 29, 30]}
	[last] Firing Notification: False

	[next] Processing NEXT Draw
	[next] next_draw_date 04/02/2014
	[next] next_draw_date 2014-04-02
	[next] draw id 6689, created: False 
	[next] draw prize 21000000
	[next] {'date': '2014-04-02', 'jackpot': 21000000, 'future': True, 'id': 6689L, 'result': None}

-----------------------------------------

Found Game {'comp_name': 'Cash 5', 'comp_format': 'CashFive', 'game_format': 'CashFive', 'game_name': 'Cash Five', 'comp_identifier': 'CashFive'}
	Using Handler <class 'yoolotto.lottery.game.cashfive.CashFiveGame'>
	[jackpot] No Jackpot

	[last] last_draw_date 04/01/2014
	[last] last_draw_numbers 05-12-13-16-29
	[last] last_draw_date 2014-04-01
	[last] draw id 6713, created: False 
	[last] draw id 6713 SAVED
	[last] {'date': '2014-04-01', 'jackpot': None, 'future': False, 'id': 6713L, 'result': [5, 12, 13, 16, 29]}
	[last] Firing Notification: False

	[next] Processing NEXT Draw
	[next] next_draw_date 04/02/2014
	[next] next_draw_date 2014-04-02
	[next] draw id 6733, created: False 
	[next] {'date': '2014-04-02', 'jackpot': None, 'future': True, 'id': 6733L, 'result': None}

-----------------------------------------

Found Game {'comp_name': 'Two Step', 'comp_format': 'TwoStep', 'game_format': 'TwoStep', 'game_name': 'Two Step', 'comp_identifier': 'TwoStep'}
	Using Handler <class 'yoolotto.lottery.game.twostep.TwoStepGame'>
	[jackpot] Found Jackpot 625000
	[jackpot] Jackpot Date 2014-04-03

	[last] last_draw_date 03/31/2014
	[last] last_draw_numbers 07-10-21-32, Bonus: 30
	[last] last_draw_date 2014-03-31
	[last] draw id 6648, created: False 
	[last] draw id 6648 SAVED
	[last] {'date': '2014-03-31', 'jackpot': 475000L, 'future': False, 'id': 6648L, 'result': [7, 10, 21, 32, 30]}
	[last] Firing Notification: False

	[next] Processing NEXT Draw
	[next] next_draw_date 04/03/2014
	[next] next_draw_date 2014-04-03
	[next] draw id 5298, created: False 
	[next] draw prize 625000
	[next] {'date': '2014-04-03', 'jackpot': 625000, 'future': True, 'id': 5298L, 'result': None}

-----------------------------------------

Found Game {'comp_name': 'All or Nothing Morning', 'comp_format': 'AllOrNothing', 'game_format': 'AllOrNothing', 'game_name': 'All or Nothing', 'comp_identifier': 'AllOrNothingMorning'}
	Using Handler <class 'yoolotto.lottery.game.allornothing.AllOrNothingGame'>
	[jackpot] No Jackpot

	[last] last_draw_date 04/02/2014
	[last] last_draw_numbers 02-03-05-10-12-13-14-15-17-18-21-22
	[last] last_draw_date 2014-04-02
	[last] draw id 6717, created: False 
	[last] draw id 6717 SAVED
	[last] {'date': '2014-04-02', 'jackpot': 250000, 'future': False, 'id': 6717L, 'result': [2, 3, 5, 10, 12, 13, 14, 15, 17, 18, 21, 22]}
	[last] Firing Notification: False

	[next] Processing NEXT Draw
	[next] next_draw_date 04/03/2014
	[next] next_draw_date 2014-04-03
	[next] draw id 6737, created: False 
	[next] {'date': '2014-04-03', 'jackpot': None, 'future': True, 'id': 6737L, 'result': None}

-----------------------------------------

Found Game {'comp_name': 'All or Nothing Day', 'comp_format': 'AllOrNothing', 'game_format': 'AllOrNothing', 'game_name': 'All or Nothing', 'comp_identifier': 'AllOrNothingDay'}
	Using Handler <class 'yoolotto.lottery.game.allornothing.AllOrNothingGame'>
	[jackpot] No Jackpot

	[last] last_draw_date 04/02/2014
	[last] last_draw_numbers 06-08-09-10-11-12-13-14-15-17-19-24
	[last] last_draw_date 2014-04-02
	[last] draw id 6720, created: False 
	[last] draw id 6720 SAVED
	[last] {'date': '2014-04-02', 'jackpot': 250000, 'future': False, 'id': 6720L, 'result': [6, 8, 9, 10, 11, 12, 13, 14, 15, 17, 19, 24]}
	[last] Firing Notification: False

	[next] Processing NEXT Draw
	[next] next_draw_date 04/03/2014
	[next] next_draw_date 2014-04-03
	[next] draw id 6740, created: False 
	[next] {'date': '2014-04-03', 'jackpot': None, 'future': True, 'id': 6740L, 'result': None}

-----------------------------------------

Found Game {'comp_name': 'All or Nothing Evening', 'comp_format': 'AllOrNothing', 'game_format': 'AllOrNothing', 'game_name': 'All or Nothing', 'comp_identifier': 'AllOrNothingEvening'}
	Using Handler <class 'yoolotto.lottery.game.allornothing.AllOrNothingGame'>
	[jackpot] No Jackpot

	[last] last_draw_date 04/02/2014
	[last] last_draw_numbers 01-02-03-06-09-10-12-13-14-17-18-21
	[last] last_draw_date 2014-04-02
	[last] draw id 6724, created: False 
	[last] draw id 6724 SAVED
	[last] {'date': '2014-04-02', 'jackpot': 250000, 'future': False, 'id': 6724L, 'result': [1, 2, 3, 6, 9, 10, 12, 13, 14, 17, 18, 21]}
	[last] Firing Notification: True

	[next] Processing NEXT Draw
	[next] next_draw_date 04/03/2014
	[next] next_draw_date 2014-04-03
	[next] draw id 6744, created: True 
	[next] {'date': '2014-04-03', 'jackpot': None, 'future': True, 'id': 6744L, 'result': None}

-----------------------------------------

Found Game {'comp_name': 'All or Nothing Night', 'comp_format': 'AllOrNothing', 'game_format': 'AllOrNothing', 'game_name': 'All or Nothing', 'comp_identifier': 'AllOrNothingNight'}
	Using Handler <class 'yoolotto.lottery.game.allornothing.AllOrNothingGame'>
	[jackpot] No Jackpot

	[last] last_draw_date 04/01/2014
	[last] last_draw_numbers 05-06-07-13-14-15-16-17-20-21-22-24
	[last] last_draw_date 2014-04-01
	[last] draw id 6714, created: False 
	[last] draw id 6714 SAVED
	[last] {'date': '2014-04-01', 'jackpot': 250000, 'future': False, 'id': 6714L, 'result': [5, 6, 7, 13, 14, 15, 16, 17, 20, 21, 22, 24]}
	[last] Firing Notification: False

	[next] Processing NEXT Draw
	[next] next_draw_date 04/02/2014
	[next] next_draw_date 2014-04-02
	[next] draw id 6734, created: False 
	[next] {'date': '2014-04-02', 'jackpot': None, 'future': True, 'id': 6734L, 'result': None}

-----------------------------------------

Found Game {'comp_name': 'Daily 4 Morning', 'comp_format': 'DailyFour', 'game_format': 'DailyFour', 'game_name': 'Daily Four', 'comp_identifier': 'DailyFourMorning'}
	Using Handler <class 'yoolotto.lottery.game.dailyfour.DailyFourGame'>
	[jackpot] No Jackpot

	[last] last_draw_date 04/02/2014
	[last] last_draw_numbers 0-3-3-8
	[last] last_draw_date 2014-04-02
	[last] draw id 6718, created: False 
	[last] draw id 6718 SAVED
	[last] {'date': '2014-04-02', 'jackpot': None, 'future': False, 'id': 6718L, 'result': [0, 3, 3, 8, 14]}
	[last] Firing Notification: False

	[next] Processing NEXT Draw
	[next] next_draw_date 04/03/2014
	[next] next_draw_date 2014-04-03
	[next] draw id 6738, created: False 
	[next] {'date': '2014-04-03', 'jackpot': None, 'future': True, 'id': 6738L, 'result': None}

-----------------------------------------

Found Game {'comp_name': 'Daily 4 Day', 'comp_format': 'DailyFour', 'game_format': 'DailyFour', 'game_name': 'Daily Four', 'comp_identifier': 'DailyFourDay'}
	Using Handler <class 'yoolotto.lottery.game.dailyfour.DailyFourGame'>
	[jackpot] No Jackpot

	[last] last_draw_date 04/02/2014
	[last] last_draw_numbers 6-4-6-8
	[last] last_draw_date 2014-04-02
	[last] draw id 6721, created: False 
	[last] draw id 6721 SAVED
	[last] {'date': '2014-04-02', 'jackpot': None, 'future': False, 'id': 6721L, 'result': [6, 4, 6, 8, 24]}
	[last] Firing Notification: False

	[next] Processing NEXT Draw
	[next] next_draw_date 04/03/2014
	[next] next_draw_date 2014-04-03
	[next] draw id 6741, created: False 
	[next] {'date': '2014-04-03', 'jackpot': None, 'future': True, 'id': 6741L, 'result': None}

-----------------------------------------

Found Game {'comp_name': 'Daily 4 Evening', 'comp_format': 'DailyFour', 'game_format': 'DailyFour', 'game_name': 'Daily Four', 'comp_identifier': 'DailyFourEvening'}
	Using Handler <class 'yoolotto.lottery.game.dailyfour.DailyFourGame'>
	[jackpot] No Jackpot

	[last] last_draw_date 04/02/2014
	[last] last_draw_numbers 6-1-6-3
	[last] last_draw_date 2014-04-02
	[last] draw id 6725, created: False 
	[last] draw id 6725 SAVED
	[last] {'date': '2014-04-02', 'jackpot': None, 'future': False, 'id': 6725L, 'result': [6, 1, 6, 3, 16]}
	[last] Firing Notification: True

	[next] Processing NEXT Draw
	[next] next_draw_date 04/03/2014
	[next] next_draw_date 2014-04-03
	[next] draw id 6745, created: True 
	[next] {'date': '2014-04-03', 'jackpot': None, 'future': True, 'id': 6745L, 'result': None}

-----------------------------------------

Found Game {'comp_name': 'Daily 4 Night', 'comp_format': 'DailyFour', 'game_format': 'DailyFour', 'game_name': 'Daily Four', 'comp_identifier': 'DailyFourNight'}
	Using Handler <class 'yoolotto.lottery.game.dailyfour.DailyFourGame'>
	[jackpot] No Jackpot

	[last] last_draw_date 04/01/2014
	[last] last_draw_numbers 4-0-1-3
	[last] last_draw_date 2014-04-01
	[last] draw id 6715, created: False 
	[last] draw id 6715 SAVED
	[last] {'date': '2014-04-01', 'jackpot': None, 'future': False, 'id': 6715L, 'result': [4, 0, 1, 3, 8]}
	[last] Firing Notification: False

	[next] Processing NEXT Draw
	[next] next_draw_date 04/02/2014
	[next] next_draw_date 2014-04-02
	[next] draw id 6735, created: False 
	[next] {'date': '2014-04-02', 'jackpot': None, 'future': True, 'id': 6735L, 'result': None}

-----------------------------------------

Found Game {'comp_name': 'Pick 3 Morning', 'comp_format': 'PickThree', 'game_format': 'PickThree', 'game_name': 'Pick Three', 'comp_identifier': 'PickThreeMorning'}
	Using Handler <class 'yoolotto.lottery.game.pickthree.PickThreeGame'>
	[jackpot] No Jackpot

	[last] last_draw_date 04/02/2014
	[last] last_draw_numbers 3-8-2
	[last] last_draw_date 2014-04-02
	[last] draw id 6719, created: False 
	[last] draw id 6719 SAVED
	[last] {'date': '2014-04-02', 'jackpot': None, 'future': False, 'id': 6719L, 'result': [3, 8, 2, 13]}
	[last] Firing Notification: False

	[next] Processing NEXT Draw
	[next] next_draw_date 04/03/2014
	[next] next_draw_date 2014-04-03
	[next] draw id 6739, created: False 
	[next] {'date': '2014-04-03', 'jackpot': None, 'future': True, 'id': 6739L, 'result': None}

-----------------------------------------

Found Game {'comp_name': 'Pick 3 Day', 'comp_format': 'PickThree', 'game_format': 'PickThree', 'game_name': 'Pick Three', 'comp_identifier': 'PickThreeDay'}
	Using Handler <class 'yoolotto.lottery.game.pickthree.PickThreeGame'>
	[jackpot] No Jackpot

	[last] last_draw_date 04/02/2014
	[last] last_draw_numbers 1-0-8
	[last] last_draw_date 2014-04-02
	[last] draw id 6722, created: False 
	[last] draw id 6722 SAVED
	[last] {'date': '2014-04-02', 'jackpot': None, 'future': False, 'id': 6722L, 'result': [1, 0, 8, 9]}
	[last] Firing Notification: False

	[next] Processing NEXT Draw
	[next] next_draw_date 04/03/2014
	[next] next_draw_date 2014-04-03
	[next] draw id 6742, created: False 
	[next] {'date': '2014-04-03', 'jackpot': None, 'future': True, 'id': 6742L, 'result': None}

-----------------------------------------

Found Game {'comp_name': 'Pick 3 Evening', 'comp_format': 'PickThree', 'game_format': 'PickThree', 'game_name': 'Pick Three', 'comp_identifier': 'PickThreeEvening'}
	Using Handler <class 'yoolotto.lottery.game.pickthree.PickThreeGame'>
	[jackpot] No Jackpot

	[last] last_draw_date 04/02/2014
	[last] last_draw_numbers 4-5-0
	[last] last_draw_date 2014-04-02
	[last] draw id 6726, created: False 
	[last] draw id 6726 SAVED
	[last] {'date': '2014-04-02', 'jackpot': None, 'future': False, 'id': 6726L, 'result': [4, 5, 0, 9]}
	[last] Firing Notification: True

	[next] Processing NEXT Draw
	[next] next_draw_date 04/03/2014
	[next] next_draw_date 2014-04-03
	[next] draw id 6746, created: True 
	[next] {'date': '2014-04-03', 'jackpot': None, 'future': True, 'id': 6746L, 'result': None}

-----------------------------------------

Found Game {'comp_name': 'Pick 3 Night', 'comp_format': 'PickThree', 'game_format': 'PickThree', 'game_name': 'Pick Three', 'comp_identifier': 'PickThreeNight'}
	Using Handler <class 'yoolotto.lottery.game.pickthree.PickThreeGame'>
	[jackpot] No Jackpot

	[last] last_draw_date 04/01/2014
	[last] last_draw_numbers 3-8-7
	[last] last_draw_date 2014-04-01
	[last] draw id 6716, created: False 
	[last] draw id 6716 SAVED
	[last] {'date': '2014-04-01', 'jackpot': None, 'future': False, 'id': 6716L, 'result': [3, 8, 7, 18]}
	[last] Firing Notification: False

	[next] Processing NEXT Draw
	[next] next_draw_date 04/02/2014
	[next] next_draw_date 2014-04-02
	[next] draw id 6736, created: False 
	[next] {'date': '2014-04-02', 'jackpot': None, 'future': True, 'id': 6736L, 'result': None}

-----------------------------------------

