Found Game {'comp_name': 'Powerball', 'comp_format': 'Powerball', 'game_format': 'Powerball', 'game_name': 'Powerball', 'comp_identifier': 'Powerball'}
	Using Handler <class 'yoolotto.lottery.game.powerball.PowerBallGame'>
	[jackpot] Found Jackpot 80000000
	[jackpot] Jackpot Date 2014-03-19

	[last] last_draw_date 03/15/2014
	[last] last_draw_numbers 02-05-34-51-58, Powerball: 09, Power Play: 4
	[last] last_draw_date 2014-03-15
	[last] draw id 5513, created: False 
	[last] draw id 5513 SAVED
	[last] {'date': '2014-03-15', 'jackpot': 70000000L, 'future': False, 'id': 5513L, 'result': [2, 5, 34, 51, 58, 9, 4]}
	[last] Firing Notification: False
	[last] Found Powerplay [4] 
	[last] Creating Fake Powerplay Component with value [4] 
	[last] Fake Powerplay Object Saved 27 
	[last] Creating Powerplay Draw 
	[last] Powerplay Object Saved 5519 

	[next] Processing NEXT Draw
	[next] next_draw_date 03/19/2014
	[next] next_draw_date 2014-03-19
	[next] draw id 5067, created: False 
	[next] draw prize 80000000
	[next] {'date': '2014-03-19', 'jackpot': 80000000, 'future': True, 'id': 5067L, 'result': None}

-----------------------------------------

Found Game {'comp_name': 'MEGA Millions', 'comp_format': 'MegaMillions', 'game_format': 'MegaMillions', 'game_name': 'Mega Millions', 'comp_identifier': 'MegaMillions'}
	Using Handler <class 'yoolotto.lottery.game.megamillions.MegaMillionsGame'>
	[jackpot] Found Jackpot 400000000
	[jackpot] Jackpot Date 2014-03-18

	[last] last_draw_date 03/14/2014
	[last] last_draw_numbers 07-20-40-54-69, Mega Ball: 12
	[last] last_draw_date 2014-03-14
	[last] draw id 5504, created: False 
	[last] draw id 5504 SAVED
	[last] {'date': '2014-03-14', 'jackpot': 353000000L, 'future': False, 'id': 5504L, 'result': [7, 20, 40, 54, 69, 12, 3]}
	[last] Firing Notification: False

	[next] Processing NEXT Draw
	[next] next_draw_date 03/18/2014
	[next] next_draw_date 2014-03-18
	[next] draw id 5102, created: False 
	[next] draw prize 400000000
	[next] {'date': '2014-03-18', 'jackpot': 400000000, 'future': True, 'id': 5102L, 'result': None}

-----------------------------------------

Found Game {'comp_name': 'Megaplier', 'comp_format': 'Megaplier', 'game_format': 'MegaMillions', 'game_name': 'Mega Millions', 'comp_identifier': 'Megaplier'}
	Using Handler <class 'yoolotto.lottery.game.megamillions.MegaMillionsGame'>
	[jackpot] No Jackpot

	[last] last_draw_date 03/14/2014
	[last] last_draw_numbers 3
	[last] last_draw_date 2014-03-14
	[last] draw id 5457, created: False 
	[last] draw id 5457 SAVED
	[last] {'date': '2014-03-14', 'jackpot': None, 'future': False, 'id': 5457L, 'result': [3]}
	[last] Firing Notification: False

	[next] Processing NEXT Draw
	[next] next_draw_date 03/18/2014
	[next] next_draw_date 2014-03-18
	[next] draw id 5461, created: False 
	[next] {'date': '2014-03-18', 'jackpot': None, 'future': True, 'id': 5461L, 'result': None}

-----------------------------------------

Found Game {'comp_name': 'Lotto', 'comp_format': 'Lotto', 'game_format': 'Lotto', 'game_name': 'Lotto Texas', 'comp_identifier': 'LottoTexas'}
	Using Handler <class 'yoolotto.lottery.game.lottotexas.LottoTexasGame'>
	[jackpot] Found Jackpot 17250000
	[jackpot] Jackpot Date 2014-03-19

	[last] last_draw_date 03/15/2014
	[last] last_draw_numbers 04-18-23-33-37-39
	[last] last_draw_date 2014-03-15
	[last] draw id 5035, created: False 
	[last] draw id 5035 SAVED
	[last] {'date': '2014-03-15', 'jackpot': 16750000L, 'future': False, 'id': 5035L, 'result': [4, 18, 23, 33, 37, 39]}
	[last] Firing Notification: False

	[next] Processing NEXT Draw
	[next] next_draw_date 03/19/2014
	[next] next_draw_date 2014-03-19
	[next] draw id 5456, created: False 
	[next] draw prize 17250000
	[next] {'date': '2014-03-19', 'jackpot': 17250000, 'future': True, 'id': 5456L, 'result': None}

-----------------------------------------

Found Game {'comp_name': 'Cash 5', 'comp_format': 'CashFive', 'game_format': 'CashFive', 'game_name': 'Cash Five', 'comp_identifier': 'CashFive'}
	Using Handler <class 'yoolotto.lottery.game.cashfive.CashFiveGame'>
	[jackpot] No Jackpot

	[last] last_draw_date 03/17/2014
	[last] last_draw_numbers 02-19-20-29-37
	[last] last_draw_date 2014-03-17
	[last] draw id 5361, created: False 
	[last] draw id 5361 SAVED
	[last] {'date': '2014-03-17', 'jackpot': None, 'future': False, 'id': 5361L, 'result': [2, 19, 20, 29, 37]}
	[last] Firing Notification: False

	[next] Processing NEXT Draw
	[next] next_draw_date 03/18/2014
	[next] next_draw_date 2014-03-18
	[next] draw id 5608, created: False 
	[next] {'date': '2014-03-18', 'jackpot': None, 'future': True, 'id': 5608L, 'result': None}

-----------------------------------------

Found Game {'comp_name': 'Two Step', 'comp_format': 'TwoStep', 'game_format': 'TwoStep', 'game_name': 'Two Step', 'comp_identifier': 'TwoStep'}
	Using Handler <class 'yoolotto.lottery.game.twostep.TwoStepGame'>
	[jackpot] Found Jackpot 200000
	[jackpot] Jackpot Date 2014-03-20

	[last] last_draw_date 03/17/2014
	[last] last_draw_numbers 11-16-20-32, Bonus: 27
	[last] last_draw_date 2014-03-17
	[last] draw id 5462, created: False 
	[last] draw id 5462 SAVED
	[last] {'date': '2014-03-17', 'jackpot': 600000L, 'future': False, 'id': 5462L, 'result': [11, 16, 20, 32, 27]}
	[last] Firing Notification: False

	[next] Processing NEXT Draw
	[next] next_draw_date 03/20/2014
	[next] next_draw_date 2014-03-20
	[next] draw id 5609, created: False 
	[next] draw prize 200000
	[next] {'date': '2014-03-20', 'jackpot': 200000, 'future': True, 'id': 5609L, 'result': None}

-----------------------------------------

Found Game {'comp_name': 'All or Nothing Morning', 'comp_format': 'AllOrNothing', 'game_format': 'AllOrNothing', 'game_name': 'All or Nothing', 'comp_identifier': 'AllOrNothingMorning'}
	Using Handler <class 'yoolotto.lottery.game.allornothing.AllOrNothingGame'>
	[jackpot] No Jackpot

	[last] last_draw_date 03/17/2014
	[last] last_draw_numbers 03-04-06-08-10-11-14-18-21-22-23-24
	[last] last_draw_date 2014-03-17
	[last] draw id 5526, created: False 
	[last] draw id 5526 SAVED
	[last] {'date': '2014-03-17', 'jackpot': 250000, 'future': False, 'id': 5526L, 'result': [3, 4, 6, 8, 10, 11, 14, 18, 21, 22, 23, 24]}
	[last] Firing Notification: False

	[next] Processing NEXT Draw
	[next] next_draw_date 03/18/2014
	[next] next_draw_date 2014-03-18
	[next] draw id 5589, created: False 
	[next] {'date': '2014-03-18', 'jackpot': None, 'future': True, 'id': 5589L, 'result': None}

-----------------------------------------

Found Game {'comp_name': 'All or Nothing Day', 'comp_format': 'AllOrNothing', 'game_format': 'AllOrNothing', 'game_name': 'All or Nothing', 'comp_identifier': 'AllOrNothingDay'}
	Using Handler <class 'yoolotto.lottery.game.allornothing.AllOrNothingGame'>
	[jackpot] No Jackpot

	[last] last_draw_date 03/17/2014
	[last] last_draw_numbers 02-04-06-09-10-11-12-16-18-22-23-24
	[last] last_draw_date 2014-03-17
	[last] draw id 5528, created: False 
	[last] draw id 5528 SAVED
	[last] {'date': '2014-03-17', 'jackpot': 250000, 'future': False, 'id': 5528L, 'result': [2, 4, 6, 9, 10, 11, 12, 16, 18, 22, 23, 24]}
	[last] Firing Notification: False

	[next] Processing NEXT Draw
	[next] next_draw_date 03/18/2014
	[next] next_draw_date 2014-03-18
	[next] draw id 5592, created: False 
	[next] {'date': '2014-03-18', 'jackpot': None, 'future': True, 'id': 5592L, 'result': None}

-----------------------------------------

Found Game {'comp_name': 'All or Nothing Evening', 'comp_format': 'AllOrNothing', 'game_format': 'AllOrNothing', 'game_name': 'All or Nothing', 'comp_identifier': 'AllOrNothingEvening'}
	Using Handler <class 'yoolotto.lottery.game.allornothing.AllOrNothingGame'>
	[jackpot] No Jackpot

	[last] last_draw_date 03/17/2014
	[last] last_draw_numbers 03-04-05-07-09-10-11-13-17-18-19-20
	[last] last_draw_date 2014-03-17
	[last] draw id 5530, created: False 
	[last] draw id 5530 SAVED
	[last] {'date': '2014-03-17', 'jackpot': 250000, 'future': False, 'id': 5530L, 'result': [3, 4, 5, 7, 9, 10, 11, 13, 17, 18, 19, 20]}
	[last] Firing Notification: False

	[next] Processing NEXT Draw
	[next] next_draw_date 03/18/2014
	[next] next_draw_date 2014-03-18
	[next] draw id 5597, created: False 
	[next] {'date': '2014-03-18', 'jackpot': None, 'future': True, 'id': 5597L, 'result': None}

-----------------------------------------

Found Game {'comp_name': 'All or Nothing Night', 'comp_format': 'AllOrNothing', 'game_format': 'AllOrNothing', 'game_name': 'All or Nothing', 'comp_identifier': 'AllOrNothingNight'}
	Using Handler <class 'yoolotto.lottery.game.allornothing.AllOrNothingGame'>
	[jackpot] No Jackpot

	[last] last_draw_date 03/17/2014
	[last] last_draw_numbers 02-03-04-07-09-11-13-14-19-20-23-24
	[last] last_draw_date 2014-03-17
	[last] draw id 5532, created: False 
	[last] draw id 5532 SAVED
	[last] {'date': '2014-03-17', 'jackpot': 250000, 'future': False, 'id': 5532L, 'result': [2, 3, 4, 7, 9, 11, 13, 14, 19, 20, 23, 24]}
	[last] Firing Notification: False

	[next] Processing NEXT Draw
	[next] next_draw_date 03/18/2014
	[next] next_draw_date 2014-03-18
	[next] draw id 5610, created: False 
	[next] {'date': '2014-03-18', 'jackpot': None, 'future': True, 'id': 5610L, 'result': None}

-----------------------------------------

Found Game {'comp_name': 'Daily 4 Morning', 'comp_format': 'DailyFour', 'game_format': 'DailyFour', 'game_name': 'Daily Four', 'comp_identifier': 'DailyFourMorning'}
	Using Handler <class 'yoolotto.lottery.game.dailyfour.DailyFourGame'>
	[jackpot] No Jackpot

	[last] last_draw_date 03/17/2014
	[last] last_draw_numbers 0-0-4-5
	[last] last_draw_date 2014-03-17
	[last] draw id 5534, created: False 
	[last] draw id 5534 SAVED
	[last] {'date': '2014-03-17', 'jackpot': None, 'future': False, 'id': 5534L, 'result': [0, 0, 4, 5, 9]}
	[last] Firing Notification: False

	[next] Processing NEXT Draw
	[next] next_draw_date 03/18/2014
	[next] next_draw_date 2014-03-18
	[next] draw id 5590, created: False 
	[next] {'date': '2014-03-18', 'jackpot': None, 'future': True, 'id': 5590L, 'result': None}

-----------------------------------------

Found Game {'comp_name': 'Daily 4 Day', 'comp_format': 'DailyFour', 'game_format': 'DailyFour', 'game_name': 'Daily Four', 'comp_identifier': 'DailyFourDay'}
	Using Handler <class 'yoolotto.lottery.game.dailyfour.DailyFourGame'>
	[jackpot] No Jackpot

	[last] last_draw_date 03/17/2014
	[last] last_draw_numbers 3-1-6-5
	[last] last_draw_date 2014-03-17
	[last] draw id 5536, created: False 
	[last] draw id 5536 SAVED
	[last] {'date': '2014-03-17', 'jackpot': None, 'future': False, 'id': 5536L, 'result': [3, 1, 6, 5, 15]}
	[last] Firing Notification: False

	[next] Processing NEXT Draw
	[next] next_draw_date 03/18/2014
	[next] next_draw_date 2014-03-18
	[next] draw id 5593, created: False 
	[next] {'date': '2014-03-18', 'jackpot': None, 'future': True, 'id': 5593L, 'result': None}

-----------------------------------------

Found Game {'comp_name': 'Daily 4 Evening', 'comp_format': 'DailyFour', 'game_format': 'DailyFour', 'game_name': 'Daily Four', 'comp_identifier': 'DailyFourEvening'}
	Using Handler <class 'yoolotto.lottery.game.dailyfour.DailyFourGame'>
	[jackpot] No Jackpot

	[last] last_draw_date 03/17/2014
	[last] last_draw_numbers 5-6-9-1
	[last] last_draw_date 2014-03-17
	[last] draw id 5538, created: False 
	[last] draw id 5538 SAVED
	[last] {'date': '2014-03-17', 'jackpot': None, 'future': False, 'id': 5538L, 'result': [5, 6, 9, 1, 21]}
	[last] Firing Notification: False

	[next] Processing NEXT Draw
	[next] next_draw_date 03/18/2014
	[next] next_draw_date 2014-03-18
	[next] draw id 5598, created: False 
	[next] {'date': '2014-03-18', 'jackpot': None, 'future': True, 'id': 5598L, 'result': None}

-----------------------------------------

Found Game {'comp_name': 'Daily 4 Night', 'comp_format': 'DailyFour', 'game_format': 'DailyFour', 'game_name': 'Daily Four', 'comp_identifier': 'DailyFourNight'}
	Using Handler <class 'yoolotto.lottery.game.dailyfour.DailyFourGame'>
	[jackpot] No Jackpot

	[last] last_draw_date 03/17/2014
	[last] last_draw_numbers 5-9-1-5
	[last] last_draw_date 2014-03-17
	[last] draw id 5540, created: False 
	[last] draw id 5540 SAVED
	[last] {'date': '2014-03-17', 'jackpot': None, 'future': False, 'id': 5540L, 'result': [5, 9, 1, 5, 20]}
	[last] Firing Notification: False

	[next] Processing NEXT Draw
	[next] next_draw_date 03/18/2014
	[next] next_draw_date 2014-03-18
	[next] draw id 5611, created: False 
	[next] {'date': '2014-03-18', 'jackpot': None, 'future': True, 'id': 5611L, 'result': None}

-----------------------------------------

Found Game {'comp_name': 'Pick 3 Morning', 'comp_format': 'PickThree', 'game_format': 'PickThree', 'game_name': 'Pick Three', 'comp_identifier': 'PickThreeMorning'}
	Using Handler <class 'yoolotto.lottery.game.pickthree.PickThreeGame'>
	[jackpot] No Jackpot

	[last] last_draw_date 03/17/2014
	[last] last_draw_numbers 1-7-1
	[last] last_draw_date 2014-03-17
	[last] draw id 5542, created: False 
	[last] draw id 5542 SAVED
	[last] {'date': '2014-03-17', 'jackpot': None, 'future': False, 'id': 5542L, 'result': [1, 7, 1, 9]}
	[last] Firing Notification: False

	[next] Processing NEXT Draw
	[next] next_draw_date 03/18/2014
	[next] next_draw_date 2014-03-18
	[next] draw id 5591, created: False 
	[next] {'date': '2014-03-18', 'jackpot': None, 'future': True, 'id': 5591L, 'result': None}

-----------------------------------------

Found Game {'comp_name': 'Pick 3 Day', 'comp_format': 'PickThree', 'game_format': 'PickThree', 'game_name': 'Pick Three', 'comp_identifier': 'PickThreeDay'}
	Using Handler <class 'yoolotto.lottery.game.pickthree.PickThreeGame'>
	[jackpot] No Jackpot

	[last] last_draw_date 03/17/2014
	[last] last_draw_numbers 4-3-2
	[last] last_draw_date 2014-03-17
	[last] draw id 5544, created: False 
	[last] draw id 5544 SAVED
	[last] {'date': '2014-03-17', 'jackpot': None, 'future': False, 'id': 5544L, 'result': [4, 3, 2, 9]}
	[last] Firing Notification: False

	[next] Processing NEXT Draw
	[next] next_draw_date 03/18/2014
	[next] next_draw_date 2014-03-18
	[next] draw id 5594, created: False 
	[next] {'date': '2014-03-18', 'jackpot': None, 'future': True, 'id': 5594L, 'result': None}

-----------------------------------------

Found Game {'comp_name': 'Pick 3 Evening', 'comp_format': 'PickThree', 'game_format': 'PickThree', 'game_name': 'Pick Three', 'comp_identifier': 'PickThreeEvening'}
	Using Handler <class 'yoolotto.lottery.game.pickthree.PickThreeGame'>
	[jackpot] No Jackpot

	[last] last_draw_date 03/17/2014
	[last] last_draw_numbers 0-5-9
	[last] last_draw_date 2014-03-17
	[last] draw id 5546, created: False 
	[last] draw id 5546 SAVED
	[last] {'date': '2014-03-17', 'jackpot': None, 'future': False, 'id': 5546L, 'result': [0, 5, 9, 14]}
	[last] Firing Notification: False

	[next] Processing NEXT Draw
	[next] next_draw_date 03/18/2014
	[next] next_draw_date 2014-03-18
	[next] draw id 5599, created: False 
	[next] {'date': '2014-03-18', 'jackpot': None, 'future': True, 'id': 5599L, 'result': None}

-----------------------------------------

Found Game {'comp_name': 'Pick 3 Night', 'comp_format': 'PickThree', 'game_format': 'PickThree', 'game_name': 'Pick Three', 'comp_identifier': 'PickThreeNight'}
	Using Handler <class 'yoolotto.lottery.game.pickthree.PickThreeGame'>
	[jackpot] No Jackpot

	[last] last_draw_date 03/17/2014
	[last] last_draw_numbers 0-8-9
	[last] last_draw_date 2014-03-17
	[last] draw id 5548, created: False 
	[last] draw id 5548 SAVED
	[last] {'date': '2014-03-17', 'jackpot': None, 'future': False, 'id': 5548L, 'result': [0, 8, 9, 17]}
	[last] Firing Notification: False

	[next] Processing NEXT Draw
	[next] next_draw_date 03/18/2014
	[next] next_draw_date 2014-03-18
	[next] draw id 5612, created: False 
	[next] {'date': '2014-03-18', 'jackpot': None, 'future': True, 'id': 5612L, 'result': None}

-----------------------------------------

