Found Game {'comp_name': 'Powerball', 'comp_format': 'Powerballca', 'game_format': 'PowerballCA', 'game_name': 'Powerball', 'comp_identifier': 'Powerballca'}
	Using Handler <class 'yoolotto.lottery.game.powerballca.CAPowerballGame'>
	[jackpot] Found Jackpot 60000000
	[jackpot] Jackpot Date 2014-04-02

	[last] last_draw_date 04/02/2014
	[last] last_draw_numbers 08-13-19-22-53, Powerball: 24, Power Play: 2
	[last] last_draw_date 2014-04-02
	[last] draw id 6686, created: False 
	[last] draw id 6686 SAVED
	[last] {'date': '2014-04-02', 'jackpot': 60000000, 'future': False, 'id': 6686L, 'result': [8, 13, 19, 22, 53, 24, 2]}
	[last] Firing Notification: False

	[next] Processing NEXT Draw
	[next] next_draw_date 04/05/2014
	[next] next_draw_date 2014-04-05
	[next] draw id 6751, created: False 
	[next] {'date': '2014-04-05', 'jackpot': None, 'future': True, 'id': 6751L, 'result': None}

-----------------------------------------

Found Game {'comp_name': 'MEGA Millions', 'comp_format': 'MegaMillionsCA', 'game_format': 'MegaMillionsCA', 'game_name': 'MEGA Millions', 'comp_identifier': 'MegaMillionsCA'}
	Using Handler <class 'yoolotto.lottery.game.megamillionsca.CAMegaMillionsGame'>
	[jackpot] Found Jackpot 30000000
	[jackpot] Jackpot Date 2014-04-04

	[last] last_draw_date 04/01/2014
	[last] last_draw_numbers 10-23-68-74-75, Mega Ball: 09
	[last] last_draw_date 2014-04-01
	[last] draw id 6666, created: False 
	[last] draw id 6666 SAVED
	[last] {'date': '2014-04-01', 'jackpot': 20000000L, 'future': False, 'id': 6666L, 'result': [10, 23, 68, 74, 75, 9]}
	[last] Firing Notification: False

	[next] Processing NEXT Draw
	[next] next_draw_date 04/04/2014
	[next] next_draw_date 2014-04-04
	[next] draw id 6731, created: False 
	[next] draw prize 30000000
	[next] {'date': '2014-04-04', 'jackpot': 30000000, 'future': True, 'id': 6731L, 'result': None}

-----------------------------------------

Found Game {'comp_name': 'SuperLotto Plus', 'comp_format': 'SuperLottoPlus', 'game_format': 'SuperLottoPlus', 'game_name': 'SuperLotto Plus', 'comp_identifier': 'SuperLottoPlus'}
	Using Handler <class 'yoolotto.lottery.game.superlottoplus.SuperLottoPlusGame'>
	[jackpot] Found Jackpot 44000000
	[jackpot] Jackpot Date 2014-04-05

	[last] last_draw_date 04/02/2014
	[last] last_draw_numbers 07-08-23-37-42, Mega Ball: 23
	[last] last_draw_date 2014-04-02
	[last] draw id 6688, created: False 
	[last] draw id 6688 SAVED
	[last] {'date': '2014-04-02', 'jackpot': 41000000L, 'future': False, 'id': 6688L, 'result': [7, 8, 23, 37, 42, 23]}
	[last] Firing Notification: False

	[next] Processing NEXT Draw
	[next] next_draw_date 04/05/2014
	[next] next_draw_date 2014-04-05
	[next] draw id 6752, created: False 
	[next] draw prize 44000000
	[next] {'date': '2014-04-05', 'jackpot': 44000000, 'future': True, 'id': 6752L, 'result': None}

-----------------------------------------

Found Game {'comp_name': 'Fantasy 5', 'comp_format': 'FantasyFive', 'game_format': 'FantasyFive', 'game_name': 'Fantasy Five', 'comp_identifier': 'FantasyFive'}
	Using Handler <class 'yoolotto.lottery.game.fantasyfive.FantasyFiveGame'>
	[jackpot] Found Jackpot 52000
	[jackpot] Jackpot Date 2014-04-03

	[last] last_draw_date 04/02/2014
	[last] last_draw_numbers 12-17-23-32-33
	[last] last_draw_date 2014-04-02
	[last] draw id 6727, created: False 
	[last] draw id 6727 SAVED
	[last] {'date': '2014-04-02', 'jackpot': 119279L, 'future': False, 'id': 6727L, 'result': [12, 17, 23, 32, 33]}
	[last] Firing Notification: False

	[next] Processing NEXT Draw
	[next] next_draw_date 04/03/2014
	[next] next_draw_date 2014-04-03
	[next] draw id 6748, created: False 
	[next] draw prize 52000
	[next] {'date': '2014-04-03', 'jackpot': 52000, 'future': True, 'id': 6748L, 'result': None}

-----------------------------------------

Found Game {'comp_name': 'Daily 4', 'comp_format': 'DailyFour', 'game_format': 'DailyFor', 'game_name': 'Daily Four', 'comp_identifier': 'DailyFour'}
	Using Handler <class 'yoolotto.lottery.game.dailyfor.CADailyFourGame'>
	[jackpot] No Jackpot

	[last] last_draw_date 04/02/2014
	[last] last_draw_numbers 4-4-3-6
	[last] last_draw_date 2014-04-02
	[last] draw id 6728, created: False 
	[last] draw id 6728 SAVED
	[last] {'date': '2014-04-02', 'jackpot': None, 'future': False, 'id': 6728L, 'result': [4, 4, 3, 6]}
	[last] Firing Notification: False

	[next] Processing NEXT Draw
	[next] next_draw_date 04/03/2014
	[next] next_draw_date 2014-04-03
	[next] draw id 6749, created: False 
	[next] {'date': '2014-04-03', 'jackpot': None, 'future': True, 'id': 6749L, 'result': None}

-----------------------------------------

Found Game {'comp_name': 'Daily 3 Midday', 'comp_format': 'DailyThree', 'game_format': 'DailyThree', 'game_name': 'Daily Three', 'comp_identifier': 'DailyThreeMidDay'}
	Using Handler <class 'yoolotto.lottery.game.dailythree.DailyThreeGame'>
	[jackpot] No Jackpot

	[last] last_draw_date 04/02/2014
	[last] last_draw_numbers 1-1-1
	[last] last_draw_date 2014-04-02
	[last] draw id 6723, created: False 
	[last] draw id 6723 SAVED
	[last] {'date': '2014-04-02', 'jackpot': None, 'future': False, 'id': 6723L, 'result': [1, 1, 1]}
	[last] Firing Notification: False

	[next] Processing NEXT Draw
	[next] next_draw_date 04/03/2014
	[next] next_draw_date 2014-04-03
	[next] draw id 6743, created: False 
	[next] {'date': '2014-04-03', 'jackpot': None, 'future': True, 'id': 6743L, 'result': None}

-----------------------------------------

Found Game {'comp_name': 'Daily 3 Evening', 'comp_format': 'DailyThree', 'game_format': 'DailyThree', 'game_name': 'Daily Three', 'comp_identifier': 'DailyThreeEvening'}
	Using Handler <class 'yoolotto.lottery.game.dailythree.DailyThreeGame'>
	[jackpot] No Jackpot

	[last] last_draw_date 04/02/2014
	[last] last_draw_numbers 7-4-0
	[last] last_draw_date 2014-04-02
	[last] draw id 6729, created: False 
	[last] draw id 6729 SAVED
	[last] {'date': '2014-04-02', 'jackpot': None, 'future': False, 'id': 6729L, 'result': [7, 4, 0]}
	[last] Firing Notification: False

	[next] Processing NEXT Draw
	[next] next_draw_date 04/03/2014
	[next] next_draw_date 2014-04-03
	[next] draw id 6747, created: False 
	[next] {'date': '2014-04-03', 'jackpot': None, 'future': True, 'id': 6747L, 'result': None}

-----------------------------------------

Found Game {'comp_name': 'Daily Derby', 'comp_format': 'DailyDerby', 'game_format': 'DailyDerby', 'game_name': 'Daily Derby', 'comp_identifier': 'Daily Derby'}
	Using Handler <class 'yoolotto.lottery.game.dailyderby.DailyDerbyGame'>
	[jackpot] Found Jackpot 209000
	[jackpot] Jackpot Date 2014-04-03

	[last] last_draw_date 04/02/2014
	[last] last_draw_numbers 1st:9 Winning Spirit-2nd:3 Hot Shot-3rd:7 Eureka, Race Time: 1:48.55
	[last] last_draw_date 2014-04-02
	[last] draw id 6730, created: False 
	[last] draw id 6730 SAVED
	[last] {'jackpot': 205000L, 'result_race_time': u'1:48.55', 'future': False, 'result': [9, 3, 7], 'date': '2014-04-02', 'id': 6730L}
	[last] Firing Notification: False

	[next] Processing NEXT Draw
	[next] next_draw_date 04/03/2014
	[next] next_draw_date 2014-04-03
	[next] draw id 6750, created: False 
	[next] draw prize 209000
	[next] {'jackpot': 209000, 'result_race_time': None, 'future': True, 'result': None, 'date': '2014-04-03', 'id': 6750L}

-----------------------------------------

