	[Game] Found Game Powerball	[Draw] Found Draw 6927 	[Jackpot] 80000000
	[Prizes] Traversing the Nodes	[Draw] Providing the Winnings 6927
	[Winnings] 5 of 5 + Powerball 80000000
	[Winnings] 5 of 5 1000000
	[Winnings] 4 of 5 100
	[Winnings] 3 of 5 7
	[Winnings] Powerball Only 4
	[Winnings] 4 of 5 + Powerball 10000
	[Winnings] 3 of 5 + Powerball 100
	[Winnings] 2 of 5 + Powerball 7
	[Winnings] 1 of 5 + Powerball 4


-----------------------------------------

	[Game] Found Game MEGA Millions 	[Texas]	[Draw] Found Draw 6902 	[Jackpot] 15000000
	[Prizes] Traversing the Nodes	[Draw] Providing the Winnings 6902
	[Winnings] 5 of 5 + Megaball 15000000
	[Winnings] 5 of 5 1000000
	[Winnings] 4 of 5 500
	[Winnings] 3 of 5 5
	[Winnings] Megaball Only 1
	[Winnings] 4 of 5 + Megaball 50000
	[Winnings] 3 of 5 + Megaball 50
	[Winnings] 2 of 5 + Megaball 5
	[Winnings] 1 of 5 + Megaball 2


-----------------------------------------

