Found Game {'comp_name': 'Powerball', 'comp_format': 'Powerball', 'game_format': 'Powerball', 'game_name': 'Powerball', 'comp_identifier': 'Powerball'}
	Using Handler <class 'yoolotto.lottery.game.powerball.PowerBallGame'>
	[jackpot] Found Jackpot 40000000
	[jackpot] Jackpot Date 2014-03-26

	[last] last_draw_date 03/22/2014
	[last] last_draw_numbers 13-28-31-55-58, Powerball: 15, Power Play: 2
	[last] last_draw_date 2014-03-22
	[last] draw id 5132, created: False 
	[last] draw id 5132 SAVED
	[last] {'date': '2014-03-22', 'jackpot': 96000000L, 'future': False, 'id': 5132L, 'result': [13, 28, 31, 55, 58, 15, 2]}
	[last] Firing Notification: False
	[last] Found Powerplay [2] 
	[last] Creating Fake Powerplay Component with value [2] 
	[last] Fake Powerplay Object Saved 27 
	[last] Creating Powerplay Draw 
	[last] Powerplay Object Saved 6528 

	[next] Processing NEXT Draw
	[next] next_draw_date 03/26/2014
	[next] next_draw_date 2014-03-26
	[next] draw id 5180, created: False 
	[next] draw prize 40000000
	[next] {'date': '2014-03-26', 'jackpot': 40000000, 'future': True, 'id': 5180L, 'result': None}

-----------------------------------------

Found Game {'comp_name': 'MEGA Millions', 'comp_format': 'MegaMillions', 'game_format': 'MegaMillions', 'game_name': 'Mega Millions', 'comp_identifier': 'MegaMillions'}
	Using Handler <class 'yoolotto.lottery.game.megamillions.MegaMillionsGame'>
	[jackpot] Found Jackpot 20000000
	[jackpot] Jackpot Date 2014-03-25

	[last] last_draw_date 03/21/2014
	[last] last_draw_numbers 02-23-30-35-53, Mega Ball: 10
	[last] last_draw_date 2014-03-21
	[last] draw id 5542, created: False 
	[last] draw id 5542 SAVED
	[last] {'date': '2014-03-21', 'jackpot': 15000000L, 'future': False, 'id': 5542L, 'result': [2, 23, 30, 35, 53, 10, 5]}
	[last] Firing Notification: False

	[next] Processing NEXT Draw
	[next] next_draw_date 03/25/2014
	[next] next_draw_date 2014-03-25
	[next] draw id 5177, created: False 
	[next] draw prize 20000000
	[next] {'date': '2014-03-25', 'jackpot': 20000000, 'future': True, 'id': 5177L, 'result': None}

-----------------------------------------

Found Game {'comp_name': 'Megaplier', 'comp_format': 'Megaplier', 'game_format': 'MegaMillions', 'game_name': 'Mega Millions', 'comp_identifier': 'Megaplier'}
	Using Handler <class 'yoolotto.lottery.game.megamillions.MegaMillionsGame'>
	[jackpot] No Jackpot

	[last] last_draw_date 03/21/2014
	[last] last_draw_numbers 5
	[last] last_draw_date 2014-03-21
	[last] draw id 5548, created: False 
	[last] draw id 5548 SAVED
	[last] {'date': '2014-03-21', 'jackpot': None, 'future': False, 'id': 5548L, 'result': [5]}
	[last] Firing Notification: False

	[next] Processing NEXT Draw
	[next] next_draw_date 03/25/2014
	[next] next_draw_date 2014-03-25
	[next] draw id 5597, created: False 
	[next] {'date': '2014-03-25', 'jackpot': None, 'future': True, 'id': 5597L, 'result': None}

-----------------------------------------

Found Game {'comp_name': 'Lotto', 'comp_format': 'Lotto', 'game_format': 'Lotto', 'game_name': 'Lotto Texas', 'comp_identifier': 'LottoTexas'}
	Using Handler <class 'yoolotto.lottery.game.lottotexas.LottoTexasGame'>
	[jackpot] Found Jackpot 19250000
	[jackpot] Jackpot Date 2014-03-26

	[last] last_draw_date 03/22/2014
	[last] last_draw_numbers 25-27-29-32-46-51
	[last] last_draw_date 2014-03-22
	[last] draw id 5179, created: False 
	[last] draw id 5179 SAVED
	[last] {'date': '2014-03-22', 'jackpot': 18500000L, 'future': False, 'id': 5179L, 'result': [25, 27, 29, 32, 46, 51]}
	[last] Firing Notification: False

	[next] Processing NEXT Draw
	[next] next_draw_date 03/26/2014
	[next] next_draw_date 2014-03-26
	[next] draw id 5595, created: False 
	[next] draw prize 19250000
	[next] {'date': '2014-03-26', 'jackpot': 19250000, 'future': True, 'id': 5595L, 'result': None}

-----------------------------------------

Found Game {'comp_name': 'Cash 5', 'comp_format': 'CashFive', 'game_format': 'CashFive', 'game_name': 'Cash Five', 'comp_identifier': 'CashFive'}
	Using Handler <class 'yoolotto.lottery.game.cashfive.CashFiveGame'>
	[jackpot] No Jackpot

	[last] last_draw_date 03/24/2014
	[last] last_draw_numbers 08-11-12-13-19
	[last] last_draw_date 2014-03-24
	[last] draw id 5615, created: False 
	[last] draw id 5615 SAVED
	[last] {'date': '2014-03-24', 'jackpot': None, 'future': False, 'id': 5615L, 'result': [8, 11, 12, 13, 19]}
	[last] Firing Notification: False

	[next] Processing NEXT Draw
	[next] next_draw_date 03/25/2014
	[next] next_draw_date 2014-03-25
	[next] draw id 6578, created: False 
	[next] {'date': '2014-03-25', 'jackpot': None, 'future': True, 'id': 6578L, 'result': None}

-----------------------------------------

Found Game {'comp_name': 'Two Step', 'comp_format': 'TwoStep', 'game_format': 'TwoStep', 'game_name': 'Two Step', 'comp_identifier': 'TwoStep'}
	Using Handler <class 'yoolotto.lottery.game.twostep.TwoStepGame'>
	[jackpot] Found Jackpot 325000
	[jackpot] Jackpot Date 2014-03-27

	[last] last_draw_date 03/24/2014
	[last] last_draw_numbers 01-04-21-22, Bonus: 01
	[last] last_draw_date 2014-03-24
	[last] draw id 5582, created: False 
	[last] draw id 5582 SAVED
	[last] {'date': '2014-03-24', 'jackpot': 225000L, 'future': False, 'id': 5582L, 'result': [1, 4, 21, 22, 1]}
	[last] Firing Notification: False

	[next] Processing NEXT Draw
	[next] next_draw_date 03/27/2014
	[next] next_draw_date 2014-03-27
	[next] draw id 5254, created: False 
	[next] draw prize 325000
	[next] {'date': '2014-03-27', 'jackpot': 325000, 'future': True, 'id': 5254L, 'result': None}

-----------------------------------------

Found Game {'comp_name': 'All or Nothing Morning', 'comp_format': 'AllOrNothing', 'game_format': 'AllOrNothing', 'game_name': 'All or Nothing', 'comp_identifier': 'AllOrNothingMorning'}
	Using Handler <class 'yoolotto.lottery.game.allornothing.AllOrNothingGame'>
	[jackpot] No Jackpot

	[last] last_draw_date 03/25/2014
	[last] last_draw_numbers 01-03-04-09-12-13-14-16-17-18-21-22
	[last] last_draw_date 2014-03-25
	[last] draw id 6579, created: False 
	[last] draw id 6579 SAVED
	[last] {'date': '2014-03-25', 'jackpot': 250000, 'future': False, 'id': 6579L, 'result': [1, 3, 4, 9, 12, 13, 14, 16, 17, 18, 21, 22]}
	[last] Firing Notification: False

	[next] Processing NEXT Draw
	[next] next_draw_date 03/26/2014
	[next] next_draw_date 2014-03-26
	[next] draw id 6592, created: False 
	[next] {'date': '2014-03-26', 'jackpot': None, 'future': True, 'id': 6592L, 'result': None}

-----------------------------------------

Found Game {'comp_name': 'All or Nothing Day', 'comp_format': 'AllOrNothing', 'game_format': 'AllOrNothing', 'game_name': 'All or Nothing', 'comp_identifier': 'AllOrNothingDay'}
	Using Handler <class 'yoolotto.lottery.game.allornothing.AllOrNothingGame'>
	[jackpot] No Jackpot

	[last] last_draw_date 03/25/2014
	[last] last_draw_numbers 02-05-06-08-10-12-14-18-19-20-21-22
	[last] last_draw_date 2014-03-25
	[last] draw id 6580, created: False 
	[last] draw id 6580 SAVED
	[last] {'date': '2014-03-25', 'jackpot': 250000, 'future': False, 'id': 6580L, 'result': [2, 5, 6, 8, 10, 12, 14, 18, 19, 20, 21, 22]}
	[last] Firing Notification: False

	[next] Processing NEXT Draw
	[next] next_draw_date 03/26/2014
	[next] next_draw_date 2014-03-26
	[next] draw id 6595, created: False 
	[next] {'date': '2014-03-26', 'jackpot': None, 'future': True, 'id': 6595L, 'result': None}

-----------------------------------------

Found Game {'comp_name': 'All or Nothing Evening', 'comp_format': 'AllOrNothing', 'game_format': 'AllOrNothing', 'game_name': 'All or Nothing', 'comp_identifier': 'AllOrNothingEvening'}
	Using Handler <class 'yoolotto.lottery.game.allornothing.AllOrNothingGame'>
	[jackpot] No Jackpot

	[last] last_draw_date 03/25/2014
	[last] last_draw_numbers 01-03-04-06-07-09-11-13-19-21-22-24
	[last] last_draw_date 2014-03-25
	[last] draw id 6581, created: False 
	[last] draw id 6581 SAVED
	[last] {'date': '2014-03-25', 'jackpot': 250000, 'future': False, 'id': 6581L, 'result': [1, 3, 4, 6, 7, 9, 11, 13, 19, 21, 22, 24]}
	[last] Firing Notification: True

	[next] Processing NEXT Draw
	[next] next_draw_date 03/26/2014
	[next] next_draw_date 2014-03-26
	[next] draw id 6599, created: True 
	[next] {'date': '2014-03-26', 'jackpot': None, 'future': True, 'id': 6599L, 'result': None}

-----------------------------------------

Found Game {'comp_name': 'All or Nothing Night', 'comp_format': 'AllOrNothing', 'game_format': 'AllOrNothing', 'game_name': 'All or Nothing', 'comp_identifier': 'AllOrNothingNight'}
	Using Handler <class 'yoolotto.lottery.game.allornothing.AllOrNothingGame'>
	[jackpot] No Jackpot

	[last] last_draw_date 03/24/2014
	[last] last_draw_numbers 02-04-07-08-12-13-14-15-16-18-20-21
	[last] last_draw_date 2014-03-24
	[last] draw id 5616, created: False 
	[last] draw id 5616 SAVED
	[last] {'date': '2014-03-24', 'jackpot': 250000, 'future': False, 'id': 5616L, 'result': [2, 4, 7, 8, 12, 13, 14, 15, 16, 18, 20, 21]}
	[last] Firing Notification: False

	[next] Processing NEXT Draw
	[next] next_draw_date 03/25/2014
	[next] next_draw_date 2014-03-25
	[next] draw id 6582, created: False 
	[next] {'date': '2014-03-25', 'jackpot': None, 'future': True, 'id': 6582L, 'result': None}

-----------------------------------------

Found Game {'comp_name': 'Daily 4 Morning', 'comp_format': 'DailyFour', 'game_format': 'DailyFour', 'game_name': 'Daily Four', 'comp_identifier': 'DailyFourMorning'}
	Using Handler <class 'yoolotto.lottery.game.dailyfour.DailyFourGame'>
	[jackpot] No Jackpot

	[last] last_draw_date 03/25/2014
	[last] last_draw_numbers 2-8-1-8
	[last] last_draw_date 2014-03-25
	[last] draw id 6583, created: False 
	[last] draw id 6583 SAVED
	[last] {'date': '2014-03-25', 'jackpot': None, 'future': False, 'id': 6583L, 'result': [2, 8, 1, 8, 19]}
	[last] Firing Notification: False

	[next] Processing NEXT Draw
	[next] next_draw_date 03/26/2014
	[next] next_draw_date 2014-03-26
	[next] draw id 6593, created: False 
	[next] {'date': '2014-03-26', 'jackpot': None, 'future': True, 'id': 6593L, 'result': None}

-----------------------------------------

Found Game {'comp_name': 'Daily 4 Day', 'comp_format': 'DailyFour', 'game_format': 'DailyFour', 'game_name': 'Daily Four', 'comp_identifier': 'DailyFourDay'}
	Using Handler <class 'yoolotto.lottery.game.dailyfour.DailyFourGame'>
	[jackpot] No Jackpot

	[last] last_draw_date 03/25/2014
	[last] last_draw_numbers 0-8-0-7
	[last] last_draw_date 2014-03-25
	[last] draw id 6584, created: False 
	[last] draw id 6584 SAVED
	[last] {'date': '2014-03-25', 'jackpot': None, 'future': False, 'id': 6584L, 'result': [0, 8, 0, 7, 15]}
	[last] Firing Notification: False

	[next] Processing NEXT Draw
	[next] next_draw_date 03/26/2014
	[next] next_draw_date 2014-03-26
	[next] draw id 6596, created: False 
	[next] {'date': '2014-03-26', 'jackpot': None, 'future': True, 'id': 6596L, 'result': None}

-----------------------------------------

Found Game {'comp_name': 'Daily 4 Evening', 'comp_format': 'DailyFour', 'game_format': 'DailyFour', 'game_name': 'Daily Four', 'comp_identifier': 'DailyFourEvening'}
	Using Handler <class 'yoolotto.lottery.game.dailyfour.DailyFourGame'>
	[jackpot] No Jackpot

	[last] last_draw_date 03/25/2014
	[last] last_draw_numbers 3-6-9-2
	[last] last_draw_date 2014-03-25
	[last] draw id 6585, created: False 
	[last] draw id 6585 SAVED
	[last] {'date': '2014-03-25', 'jackpot': None, 'future': False, 'id': 6585L, 'result': [3, 6, 9, 2, 20]}
	[last] Firing Notification: True

	[next] Processing NEXT Draw
	[next] next_draw_date 03/26/2014
	[next] next_draw_date 2014-03-26
	[next] draw id 6600, created: True 
	[next] {'date': '2014-03-26', 'jackpot': None, 'future': True, 'id': 6600L, 'result': None}

-----------------------------------------

Found Game {'comp_name': 'Daily 4 Night', 'comp_format': 'DailyFour', 'game_format': 'DailyFour', 'game_name': 'Daily Four', 'comp_identifier': 'DailyFourNight'}
	Using Handler <class 'yoolotto.lottery.game.dailyfour.DailyFourGame'>
	[jackpot] No Jackpot

	[last] last_draw_date 03/24/2014
	[last] last_draw_numbers 9-1-2-0
	[last] last_draw_date 2014-03-24
	[last] draw id 5617, created: False 
	[last] draw id 5617 SAVED
	[last] {'date': '2014-03-24', 'jackpot': None, 'future': False, 'id': 5617L, 'result': [9, 1, 2, 0, 12]}
	[last] Firing Notification: False

	[next] Processing NEXT Draw
	[next] next_draw_date 03/25/2014
	[next] next_draw_date 2014-03-25
	[next] draw id 6586, created: False 
	[next] {'date': '2014-03-25', 'jackpot': None, 'future': True, 'id': 6586L, 'result': None}

-----------------------------------------

Found Game {'comp_name': 'Pick 3 Morning', 'comp_format': 'PickThree', 'game_format': 'PickThree', 'game_name': 'Pick Three', 'comp_identifier': 'PickThreeMorning'}
	Using Handler <class 'yoolotto.lottery.game.pickthree.PickThreeGame'>
	[jackpot] No Jackpot

	[last] last_draw_date 03/25/2014
	[last] last_draw_numbers 6-2-8
	[last] last_draw_date 2014-03-25
	[last] draw id 6587, created: False 
	[last] draw id 6587 SAVED
	[last] {'date': '2014-03-25', 'jackpot': None, 'future': False, 'id': 6587L, 'result': [6, 2, 8, 16]}
	[last] Firing Notification: False

	[next] Processing NEXT Draw
	[next] next_draw_date 03/26/2014
	[next] next_draw_date 2014-03-26
	[next] draw id 6594, created: False 
	[next] {'date': '2014-03-26', 'jackpot': None, 'future': True, 'id': 6594L, 'result': None}

-----------------------------------------

Found Game {'comp_name': 'Pick 3 Day', 'comp_format': 'PickThree', 'game_format': 'PickThree', 'game_name': 'Pick Three', 'comp_identifier': 'PickThreeDay'}
	Using Handler <class 'yoolotto.lottery.game.pickthree.PickThreeGame'>
	[jackpot] No Jackpot

	[last] last_draw_date 03/25/2014
	[last] last_draw_numbers 2-6-1
	[last] last_draw_date 2014-03-25
	[last] draw id 5609, created: False 
	[last] draw id 5609 SAVED
	[last] {'date': '2014-03-25', 'jackpot': None, 'future': False, 'id': 5609L, 'result': [2, 6, 1, 9]}
	[last] Firing Notification: False

	[next] Processing NEXT Draw
	[next] next_draw_date 03/26/2014
	[next] next_draw_date 2014-03-26
	[next] draw id 6597, created: False 
	[next] {'date': '2014-03-26', 'jackpot': None, 'future': True, 'id': 6597L, 'result': None}

-----------------------------------------

Found Game {'comp_name': 'Pick 3 Evening', 'comp_format': 'PickThree', 'game_format': 'PickThree', 'game_name': 'Pick Three', 'comp_identifier': 'PickThreeEvening'}
	Using Handler <class 'yoolotto.lottery.game.pickthree.PickThreeGame'>
	[jackpot] No Jackpot

	[last] last_draw_date 03/25/2014
	[last] last_draw_numbers 4-1-0
	[last] last_draw_date 2014-03-25
	[last] draw id 6588, created: False 
	[last] draw id 6588 SAVED
	[last] {'date': '2014-03-25', 'jackpot': None, 'future': False, 'id': 6588L, 'result': [4, 1, 0, 5]}
	[last] Firing Notification: True

	[next] Processing NEXT Draw
	[next] next_draw_date 03/26/2014
	[next] next_draw_date 2014-03-26
	[next] draw id 6601, created: True 
	[next] {'date': '2014-03-26', 'jackpot': None, 'future': True, 'id': 6601L, 'result': None}

-----------------------------------------

Found Game {'comp_name': 'Pick 3 Night', 'comp_format': 'PickThree', 'game_format': 'PickThree', 'game_name': 'Pick Three', 'comp_identifier': 'PickThreeNight'}
	Using Handler <class 'yoolotto.lottery.game.pickthree.PickThreeGame'>
	[jackpot] No Jackpot

	[last] last_draw_date 03/24/2014
	[last] last_draw_numbers 3-0-7
	[last] last_draw_date 2014-03-24
	[last] draw id 5618, created: False 
	[last] draw id 5618 SAVED
	[last] {'date': '2014-03-24', 'jackpot': None, 'future': False, 'id': 5618L, 'result': [3, 0, 7, 10]}
	[last] Firing Notification: False

	[next] Processing NEXT Draw
	[next] next_draw_date 03/25/2014
	[next] next_draw_date 2014-03-25
	[next] draw id 6589, created: False 
	[next] {'date': '2014-03-25', 'jackpot': None, 'future': True, 'id': 6589L, 'result': None}

-----------------------------------------

