Found Game {'comp_name': 'Powerball', 'comp_format': 'Powerballca', 'game_format': 'PowerballCA', 'game_name': 'Powerball', 'comp_identifier': 'Powerballca'}
	Using Handler <class 'yoolotto.lottery.game.powerballca.CAPowerballGame'>
	[jackpot] Found Jackpot 70000000
	[jackpot] Jackpot Date 2014-04-05

	[last] last_draw_date 04/02/2014
	[last] last_draw_numbers 08-13-19-22-53, Powerball: 24, Power Play: 2
	[last] last_draw_date 2014-04-02
	[last] draw id 6668, created: False 
	[last] draw id 6668 SAVED
	[last] {'date': '2014-04-02', 'jackpot': 60000000L, 'future': False, 'id': 6668L, 'result': [8, 13, 19, 22, 53, 24, 2]}
	[last] Firing Notification: False

	[next] Processing NEXT Draw
	[next] next_draw_date 04/05/2014
	[next] next_draw_date 2014-04-05
	[next] draw id 6867, created: False 
	[next] draw prize 70000000
	[next] {'date': '2014-04-05', 'jackpot': 70000000, 'future': True, 'id': 6867L, 'result': None}

-----------------------------------------

Found Game {'comp_name': 'MEGA Millions', 'comp_format': 'MegaMillionsCA', 'game_format': 'MegaMillionsCA', 'game_name': 'MEGA Millions', 'comp_identifier': 'MegaMillionsCA'}
	Using Handler <class 'yoolotto.lottery.game.megamillionsca.CAMegaMillionsGame'>
	[jackpot] Found Jackpot 30000000
	[jackpot] Jackpot Date 2014-04-04

	[last] last_draw_date 04/01/2014
	[last] last_draw_numbers 10-23-68-74-75, Mega Ball: 09
	[last] last_draw_date 2014-04-01
	[last] draw id 6650, created: False 
	[last] draw id 6650 SAVED
	[last] {'date': '2014-04-01', 'jackpot': 20000000L, 'future': False, 'id': 6650L, 'result': [10, 23, 68, 74, 75, 9]}
	[last] Firing Notification: False

	[next] Processing NEXT Draw
	[next] next_draw_date 04/04/2014
	[next] next_draw_date 2014-04-04
	[next] draw id 6865, created: False 
	[next] draw prize 30000000
	[next] {'date': '2014-04-04', 'jackpot': 30000000, 'future': True, 'id': 6865L, 'result': None}

-----------------------------------------

Found Game {'comp_name': 'SuperLotto Plus', 'comp_format': 'SuperLottoPlus', 'game_format': 'SuperLottoPlus', 'game_name': 'SuperLotto Plus', 'comp_identifier': 'SuperLottoPlus'}
	Using Handler <class 'yoolotto.lottery.game.superlottoplus.SuperLottoPlusGame'>
	[jackpot] Found Jackpot 44000000
	[jackpot] Jackpot Date 2014-04-05

	[last] last_draw_date 04/02/2014
	[last] last_draw_numbers 07-08-23-37-42, Mega Ball: 23
	[last] last_draw_date 2014-04-02
	[last] draw id 6685, created: False 
	[last] draw id 6685 SAVED
	[last] {'date': '2014-04-02', 'jackpot': 41000000L, 'future': False, 'id': 6685L, 'result': [7, 8, 23, 37, 42, 23]}
	[last] Firing Notification: False

	[next] Processing NEXT Draw
	[next] next_draw_date 04/05/2014
	[next] next_draw_date 2014-04-05
	[next] draw id 6866, created: False 
	[next] draw prize 44000000
	[next] {'date': '2014-04-05', 'jackpot': 44000000, 'future': True, 'id': 6866L, 'result': None}

-----------------------------------------

Found Game {'comp_name': 'Fantasy 5', 'comp_format': 'FantasyFive', 'game_format': 'FantasyFive', 'game_name': 'Fantasy Five', 'comp_identifier': 'FantasyFive'}
	Using Handler <class 'yoolotto.lottery.game.fantasyfive.FantasyFiveGame'>
	[jackpot] Found Jackpot 55000
	[jackpot] Jackpot Date 2014-04-04

	[last] last_draw_date 04/04/2014
	[last] last_draw_numbers 09-13-23-34-39
	[last] last_draw_date 2014-04-04
	[last] draw id 6868, created: False 
	[last] draw id 6868 SAVED
	[last] {'date': '2014-04-04', 'jackpot': 55000, 'future': False, 'id': 6868L, 'result': [9, 13, 23, 34, 39]}
	[last] Firing Notification: False

	[next] Processing NEXT Draw
	[next] next_draw_date 04/05/2014
	[next] next_draw_date 2014-04-05
	[next] draw id 6899, created: False 
	[next] {'date': '2014-04-05', 'jackpot': None, 'future': True, 'id': 6899L, 'result': None}

-----------------------------------------

Found Game {'comp_name': 'Daily 4', 'comp_format': 'DailyFour', 'game_format': 'DailyFor', 'game_name': 'Daily Four', 'comp_identifier': 'DailyFour'}
	Using Handler <class 'yoolotto.lottery.game.dailyfor.CADailyFourGame'>
	[jackpot] No Jackpot

	[last] last_draw_date 04/04/2014
	[last] last_draw_numbers 4-1-2-1
	[last] last_draw_date 2014-04-04
	[last] draw id 6870, created: False 
	[last] draw id 6870 SAVED
	[last] {'date': '2014-04-04', 'jackpot': None, 'future': False, 'id': 6870L, 'result': [4, 1, 2, 1]}
	[last] Firing Notification: False

	[next] Processing NEXT Draw
	[next] next_draw_date 04/05/2014
	[next] next_draw_date 2014-04-05
	[next] draw id 6897, created: False 
	[next] {'date': '2014-04-05', 'jackpot': None, 'future': True, 'id': 6897L, 'result': None}

-----------------------------------------

Found Game {'comp_name': 'Daily 3 Midday', 'comp_format': 'DailyThree', 'game_format': 'DailyThree', 'game_name': 'Daily Three', 'comp_identifier': 'DailyThreeMidDay'}
	Using Handler <class 'yoolotto.lottery.game.dailythree.DailyThreeGame'>
	[jackpot] No Jackpot

	[last] last_draw_date 04/04/2014
	[last] last_draw_numbers 1-8-8
	[last] last_draw_date 2014-04-04
	[last] draw id 6872, created: False 
	[last] draw id 6872 SAVED
	[last] {'date': '2014-04-04', 'jackpot': None, 'future': False, 'id': 6872L, 'result': [1, 8, 8]}
	[last] Firing Notification: False

	[next] Processing NEXT Draw
	[next] next_draw_date 04/05/2014
	[next] next_draw_date 2014-04-05
	[next] draw id 6894, created: False 
	[next] {'date': '2014-04-05', 'jackpot': None, 'future': True, 'id': 6894L, 'result': None}

-----------------------------------------

Found Game {'comp_name': 'Daily 3 Evening', 'comp_format': 'DailyThree', 'game_format': 'DailyThree', 'game_name': 'Daily Three', 'comp_identifier': 'DailyThreeEvening'}
	Using Handler <class 'yoolotto.lottery.game.dailythree.DailyThreeGame'>
	[jackpot] No Jackpot

	[last] last_draw_date 04/04/2014
	[last] last_draw_numbers 2-8-7
	[last] last_draw_date 2014-04-04
	[last] draw id 6871, created: False 
	[last] draw id 6871 SAVED
	[last] {'date': '2014-04-04', 'jackpot': None, 'future': False, 'id': 6871L, 'result': [2, 8, 7]}
	[last] Firing Notification: False

	[next] Processing NEXT Draw
	[next] next_draw_date 04/05/2014
	[next] next_draw_date 2014-04-05
	[next] draw id 6898, created: False 
	[next] {'date': '2014-04-05', 'jackpot': None, 'future': True, 'id': 6898L, 'result': None}

-----------------------------------------

Found Game {'comp_name': 'Daily Derby', 'comp_format': 'DailyDerby', 'game_format': 'DailyDerby', 'game_name': 'Daily Derby', 'comp_identifier': 'Daily Derby'}
	Using Handler <class 'yoolotto.lottery.game.dailyderby.DailyDerbyGame'>
	[jackpot] Found Jackpot 213000
	[jackpot] Jackpot Date 2014-04-04

	[last] last_draw_date 04/04/2014
	[last] last_draw_numbers 1st:2 Lucky Star-2nd:5 California Classic-3rd:1 Gold Rush, Race Time: 1:40.49
	[last] last_draw_date 2014-04-04
	[last] draw id 6869, created: False 
	[last] draw id 6869 SAVED
	[last] {'jackpot': 213000, 'result_race_time': u'1:40.49', 'future': False, 'result': [2, 5, 1], 'date': '2014-04-04', 'id': 6869L}
	[last] Firing Notification: False

	[next] Processing NEXT Draw
	[next] next_draw_date 04/05/2014
	[next] next_draw_date 2014-04-05
	[next] draw id 6900, created: False 
	[next] {'jackpot': None, 'result_race_time': None, 'future': True, 'result': None, 'date': '2014-04-05', 'id': 6900L}

-----------------------------------------

