-----------------------started [2014-04-24 07:47:29.427936]    Picked Game :DailyDerby
        Picked Component :Daily Derby
        search winning for component (Daily Derby) ,state(CA) 
        winnings available 
    Picked Game :SuperLottoPlus
        Picked Component :SuperLotto Plus
        search winning for component (SuperLotto Plus) ,state(CA) 
        winnings available 
    Picked Game :FantasyFive
        Picked Component :Fantasy 5
        search winning for component (Fantasy 5) ,state(CA) 
        winnings available 
    Picked Game :CashFive
        Picked Component :Cash 5
        search winning for component (Cash 5) ,state(TX) 
        look in alternative state :
        winnings not found 
    Picked Game :DailyFour
        Picked Component :Daily 4 Night
        search winning for component (Daily 4 Night) ,state(TX) 
        look in alternative state :
        winnings not found 
        Picked Component :Daily 4 Evening
        search winning for component (Daily 4 Evening) ,state(TX) 
        look in alternative state :
        winnings not found 
        Picked Component :Daily 4 Day
        search winning for component (Daily 4 Day) ,state(TX) 
        look in alternative state :
        winnings not found 
        Picked Component :Daily 4 Morning
        search winning for component (Daily 4 Morning) ,state(TX) 
        look in alternative state :
        winnings not found 
    Picked Game :Lotto
        Picked Component :Lotto
        search winning for component (Lotto) ,state(TX) 
        winnings available 
    Picked Game :DailyThree
        Picked Component :Daily 3 Evening
        search winning for component (Daily 3 Evening) ,state(CA) 
        winnings available 
        Picked Component :Daily 3 Midday
        search winning for component (Daily 3 Midday) ,state(CA) 
        winnings available 
    Picked Game :MegaMillions
        Picked Component :MEGA Millions
        search winning for component (MEGA Millions) ,state(TX) 
        look in alternative state :US
        winnings available 
        search winning for component (MEGA Millions) ,state(NY) 
        winnings available 
        search winning for component (MEGA Millions) ,state(AR) 
        winnings available 
        search winning for component (MEGA Millions) ,state(AZ) 
        winnings available 
        search winning for component (MEGA Millions) ,state(CT) 
        winnings available 
        search winning for component (MEGA Millions) ,state(DC) 
        look in alternative state :US
        winnings available 
        search winning for component (MEGA Millions) ,state(DE) 
        winnings available 
        search winning for component (MEGA Millions) ,state(FL) 
        winnings available 
        search winning for component (MEGA Millions) ,state(GA) 
        winnings available 
        search winning for component (MEGA Millions) ,state(IA) 
        look in alternative state :US
        winnings available 
        search winning for component (MEGA Millions) ,state(ID) 
        look in alternative state :US
        winnings available 
        search winning for component (MEGA Millions) ,state(IL) 
        winnings available 
        search winning for component (MEGA Millions) ,state(IN) 
        winnings available 
        search winning for component (MEGA Millions) ,state(KS) 
        look in alternative state :US
        winnings available 
        search winning for component (MEGA Millions) ,state(KY) 
        winnings available 
        search winning for component (MEGA Millions) ,state(LA) 
        winnings available 
        search winning for component (MEGA Millions) ,state(MA) 
        look in alternative state :US
        winnings available 
        search winning for component (MEGA Millions) ,state(MD) 
        look in alternative state :US
        winnings available 
        search winning for component (MEGA Millions) ,state(ME) 
        look in alternative state :US
        winnings available 
        search winning for component (MEGA Millions) ,state(MI) 
        winnings available 
        search winning for component (MEGA Millions) ,state(MO) 
        look in alternative state :US
        winnings available 
        search winning for component (MEGA Millions) ,state(NC) 
        winnings available 
        search winning for component (MEGA Millions) ,state(ND) 
        look in alternative state :US
        winnings available 
        search winning for component (MEGA Millions) ,state(NE) 
        winnings available 
        search winning for component (MEGA Millions) ,state(NH) 
        look in alternative state :US
        winnings available 
        search winning for component (MEGA Millions) ,state(NJ) 
        look in alternative state :US
        winnings available 
        search winning for component (MEGA Millions) ,state(NM) 
        winnings available 
        search winning for component (MEGA Millions) ,state(OH) 
        look in alternative state :US
        winnings available 
        search winning for component (MEGA Millions) ,state(OK) 
        winnings available 
        search winning for component (MEGA Millions) ,state(OR) 
        look in alternative state :US
        winnings available 
        search winning for component (MEGA Millions) ,state(PA) 
        winnings available 
        search winning for component (MEGA Millions) ,state(SC) 
        winnings available 
        search winning for component (MEGA Millions) ,state(SD) 
        winnings available 
        search winning for component (MEGA Millions) ,state(TN) 
        winnings available 
        search winning for component (MEGA Millions) ,state(VA) 
        look in alternative state :US
        winnings available 
        search winning for component (MEGA Millions) ,state(VT) 
        look in alternative state :US
        winnings available 
        search winning for component (MEGA Millions) ,state(WA) 
        winnings available 
        search winning for component (MEGA Millions) ,state(WI) 
        look in alternative state :US
        winnings available 
        search winning for component (MEGA Millions) ,state(WV) 
        look in alternative state :US
        winnings available 
        search winning for component (MEGA Millions) ,state(RI) 
        winnings available 
        search winning for component (MEGA Millions) ,state(MN) 
        look in alternative state :US
        winnings available 
        search winning for component (MEGA Millions) ,state(MT) 
        look in alternative state :US
        winnings available 
        search winning for component (MEGA Millions) ,state(CO) 
        winnings available 
        component winning is turned off :Megaplier
    Picked Game :TwoStep
        Picked Component :Two Step
        search winning for component (Two Step) ,state(TX) 
        winnings available 
    Picked Game :Powerball
        Picked Component :Powerball
        search winning for component (Powerball) ,state(TX) 
        winnings available 
        search winning for component (Powerball) ,state(NY) 
        winnings available 
        search winning for component (Powerball) ,state(AR) 
        winnings available 
        search winning for component (Powerball) ,state(AZ) 
        winnings available 
        search winning for component (Powerball) ,state(CT) 
        winnings available 
        search winning for component (Powerball) ,state(DC) 
        winnings available 
        search winning for component (Powerball) ,state(DE) 
        winnings available 
        search winning for component (Powerball) ,state(FL) 
        winnings available 
        search winning for component (Powerball) ,state(GA) 
        winnings available 
        search winning for component (Powerball) ,state(IA) 
        winnings available 
        search winning for component (Powerball) ,state(ID) 
        winnings available 
        search winning for component (Powerball) ,state(IL) 
        winnings available 
        search winning for component (Powerball) ,state(IN) 
        winnings available 
        search winning for component (Powerball) ,state(KS) 
        winnings available 
        search winning for component (Powerball) ,state(KY) 
        winnings available 
        search winning for component (Powerball) ,state(LA) 
        winnings available 
        search winning for component (Powerball) ,state(MA) 
        winnings available 
        search winning for component (Powerball) ,state(MD) 
        winnings available 
        search winning for component (Powerball) ,state(ME) 
        winnings available 
        search winning for component (Powerball) ,state(MI) 
        winnings available 
        search winning for component (Powerball) ,state(MO) 
        winnings available 
        search winning for component (Powerball) ,state(NC) 
        winnings available 
        search winning for component (Powerball) ,state(ND) 
        winnings available 
        search winning for component (Powerball) ,state(NE) 
        winnings available 
        search winning for component (Powerball) ,state(NH) 
        winnings available 
        search winning for component (Powerball) ,state(NJ) 
        winnings available 
        search winning for component (Powerball) ,state(NM) 
        winnings available 
        search winning for component (Powerball) ,state(OH) 
        winnings available 
        search winning for component (Powerball) ,state(OK) 
        winnings available 
        search winning for component (Powerball) ,state(OR) 
        winnings available 
        search winning for component (Powerball) ,state(PA) 
        winnings available 
        search winning for component (Powerball) ,state(SC) 
        winnings available 
        search winning for component (Powerball) ,state(SD) 
        winnings available 
        search winning for component (Powerball) ,state(TN) 
        winnings available 
        search winning for component (Powerball) ,state(VA) 
        winnings available 
        search winning for component (Powerball) ,state(VT) 
        winnings available 
        search winning for component (Powerball) ,state(WA) 
        winnings available 
        search winning for component (Powerball) ,state(WI) 
        winnings available 
        search winning for component (Powerball) ,state(WV) 
        winnings available 
        search winning for component (Powerball) ,state(RI) 
        winnings available 
        search winning for component (Powerball) ,state(MN) 
        winnings available 
        search winning for component (Powerball) ,state(MT) 
        winnings available 
        search winning for component (Powerball) ,state(CO) 
        winnings available 
    Picked Game :PowerballCA
        Picked Component :Powerball
        search winning for component (Powerball) ,state(CA) 
        winnings available 
    Picked Game :PickThree
        Picked Component :Pick 3 Evening
        search winning for component (Pick 3 Evening) ,state(TX) 
        look in alternative state :
        winnings not found 
        Picked Component :Pick 3 Day
        search winning for component (Pick 3 Day) ,state(TX) 
        look in alternative state :
        winnings not found 
        Picked Component :Pick 3 Morning
        search winning for component (Pick 3 Morning) ,state(TX) 
        look in alternative state :
        winnings not found 
        Picked Component :Pick 3 Night
        search winning for component (Pick 3 Night) ,state(TX) 
        look in alternative state :
        winnings not found 
    Picked Game :DailyFor
        Picked Component :Daily 4
        search winning for component (Daily 4) ,state(CA) 
        winnings available 
    Picked Game :AllOrNothing
        Picked Component :All or Nothing Night
        search winning for component (All or Nothing Night) ,state(TX) 
        look in alternative state :
        winnings not found 
        Picked Component :All or Nothing Day
        search winning for component (All or Nothing Day) ,state(TX) 
        look in alternative state :
        winnings not found 
        Picked Component :All or Nothing Morning
        search winning for component (All or Nothing Morning) ,state(TX) 
        winnings available 
        Picked Component :All or Nothing Evening
        search winning for component (All or Nothing Evening) ,state(TX) 
        winnings available 
    Picked Game :MegaMillionsCA
        Picked Component :MEGA Millions
        search winning for component (MEGA Millions) ,state(CA) 
        winnings available 
-----------------------done----------------------