Found Game {'comp_name': 'Powerball', 'comp_format': 'Powerball', 'game_format': 'Powerball', 'game_name': 'Powerball', 'comp_identifier': 'Powerball'}
	Using Handler <class 'yoolotto.lottery.game.powerball.PowerBallGame'>
	[jackpot] Found Jackpot 60000000
	[jackpot] Jackpot Date 2014-04-02

	[last] last_draw_date 03/29/2014
	[last] last_draw_numbers 02-03-12-27-38, Powerball: 17, Power Play: 2
	[last] last_draw_date 2014-03-29
	[last] draw id 5240, created: False 
	[last] draw id 5240 SAVED
	[last] {'date': '2014-03-29', 'jackpot': 50000000L, 'future': False, 'id': 5240L, 'result': [2, 3, 12, 27, 38, 17, 2]}
	[last] Firing Notification: False
	[last] Found Powerplay [2] 
	[last] Creating Fake Powerplay Component with value [2] 
	[last] Fake Powerplay Object Saved 27 
	[last] Creating Powerplay Draw 
	[last] Powerplay Object Saved 6687 

	[next] Processing NEXT Draw
	[next] next_draw_date 04/02/2014
	[next] next_draw_date 2014-04-02
	[next] draw id 5308, created: False 
	[next] draw prize 60000000
	[next] {'date': '2014-04-02', 'jackpot': 60000000, 'future': True, 'id': 5308L, 'result': None}

-----------------------------------------

Found Game {'comp_name': 'MEGA Millions', 'comp_format': 'MegaMillions', 'game_format': 'MegaMillions', 'game_name': 'Mega Millions', 'comp_identifier': 'MegaMillions'}
	Using Handler <class 'yoolotto.lottery.game.megamillions.MegaMillionsGame'>
	[jackpot] Found Jackpot 20000000
	[jackpot] Jackpot Date 2014-04-01

	[last] last_draw_date 03/28/2014
	[last] last_draw_numbers 02-03-09-50-73, Mega Ball: 12
	[last] last_draw_date 2014-03-28
	[last] draw id 5241, created: False 
	[last] draw id 5241 SAVED
	[last] {'date': '2014-03-28', 'jackpot': 15000000L, 'future': False, 'id': 5241L, 'result': [2, 3, 9, 50, 73, 12, 3]}
	[last] Firing Notification: False

	[next] Processing NEXT Draw
	[next] next_draw_date 04/01/2014
	[next] next_draw_date 2014-04-01
	[next] draw id 5258, created: False 
	[next] draw prize 20000000
	[next] {'date': '2014-04-01', 'jackpot': 20000000, 'future': True, 'id': 5258L, 'result': None}

-----------------------------------------

Found Game {'comp_name': 'Megaplier', 'comp_format': 'Megaplier', 'game_format': 'MegaMillions', 'game_name': 'Mega Millions', 'comp_identifier': 'Megaplier'}
	Using Handler <class 'yoolotto.lottery.game.megamillions.MegaMillionsGame'>
	[jackpot] No Jackpot

	[last] last_draw_date 03/28/2014
	[last] last_draw_numbers 3
	[last] last_draw_date 2014-03-28
	[last] draw id 6607, created: False 
	[last] draw id 6607 SAVED
	[last] {'date': '2014-03-28', 'jackpot': None, 'future': False, 'id': 6607L, 'result': [3]}
	[last] Firing Notification: False

	[next] Processing NEXT Draw
	[next] next_draw_date 04/01/2014
	[next] next_draw_date 2014-04-01
	[next] draw id 6667, created: False 
	[next] {'date': '2014-04-01', 'jackpot': None, 'future': True, 'id': 6667L, 'result': None}

-----------------------------------------

Found Game {'comp_name': 'Lotto', 'comp_format': 'Lotto', 'game_format': 'Lotto', 'game_name': 'Lotto Texas', 'comp_identifier': 'LottoTexas'}
	Using Handler <class 'yoolotto.lottery.game.lottotexas.LottoTexasGame'>
	[jackpot] Found Jackpot 21000000
	[jackpot] Jackpot Date 2014-04-02

	[last] last_draw_date 03/29/2014
	[last] last_draw_numbers 04-13-16-19-29-30
	[last] last_draw_date 2014-03-29
	[last] draw id 5596, created: False 
	[last] draw id 5596 SAVED
	[last] {'date': '2014-03-29', 'jackpot': 20250000L, 'future': False, 'id': 5596L, 'result': [4, 13, 16, 19, 29, 30]}
	[last] Firing Notification: False

	[next] Processing NEXT Draw
	[next] next_draw_date 04/02/2014
	[next] next_draw_date 2014-04-02
	[next] draw id 6689, created: False 
	[next] draw prize 21000000
	[next] {'date': '2014-04-02', 'jackpot': 21000000, 'future': True, 'id': 6689L, 'result': None}

-----------------------------------------

Found Game {'comp_name': 'Cash 5', 'comp_format': 'CashFive', 'game_format': 'CashFive', 'game_name': 'Cash Five', 'comp_identifier': 'CashFive'}
	Using Handler <class 'yoolotto.lottery.game.cashfive.CashFiveGame'>
	[jackpot] No Jackpot

	[last] last_draw_date 03/29/2014
	[last] last_draw_numbers 04-06-24-29-35
	[last] last_draw_date 2014-03-29
	[last] draw id 6668, created: False 
	[last] draw id 6668 SAVED
	[last] {'date': '2014-03-29', 'jackpot': None, 'future': False, 'id': 6668L, 'result': [4, 6, 24, 29, 35]}
	[last] Firing Notification: False

	[next] Processing NEXT Draw
	[next] next_draw_date 03/31/2014
	[next] next_draw_date 2014-03-31
	[next] draw id 6690, created: False 
	[next] {'date': '2014-03-31', 'jackpot': None, 'future': True, 'id': 6690L, 'result': None}

-----------------------------------------

Found Game {'comp_name': 'Two Step', 'comp_format': 'TwoStep', 'game_format': 'TwoStep', 'game_name': 'Two Step', 'comp_identifier': 'TwoStep'}
	Using Handler <class 'yoolotto.lottery.game.twostep.TwoStepGame'>
	[jackpot] Found Jackpot 475000
	[jackpot] Jackpot Date 2014-03-31

	[last] last_draw_date 03/27/2014
	[last] last_draw_numbers 07-14-19-32, Bonus: 24
	[last] last_draw_date 2014-03-27
	[last] draw id 5254, created: False 
	[last] draw id 5254 SAVED
	[last] {'date': '2014-03-27', 'jackpot': 325000L, 'future': False, 'id': 5254L, 'result': [7, 14, 19, 32, 24]}
	[last] Firing Notification: False

	[next] Processing NEXT Draw
	[next] next_draw_date 03/31/2014
	[next] next_draw_date 2014-03-31
	[next] draw id 6648, created: False 
	[next] draw prize 475000
	[next] {'date': '2014-03-31', 'jackpot': 475000, 'future': True, 'id': 6648L, 'result': None}

-----------------------------------------

Found Game {'comp_name': 'All or Nothing Morning', 'comp_format': 'AllOrNothing', 'game_format': 'AllOrNothing', 'game_name': 'All or Nothing', 'comp_identifier': 'AllOrNothingMorning'}
	Using Handler <class 'yoolotto.lottery.game.allornothing.AllOrNothingGame'>
	[jackpot] No Jackpot

	[last] last_draw_date 03/31/2014
	[last] last_draw_numbers 01-02-04-07-08-09-11-14-17-18-20-23
	[last] last_draw_date 2014-03-31
	[last] draw id 6672, created: False 
	[last] draw id 6672 SAVED
	[last] {'date': '2014-03-31', 'jackpot': 250000, 'future': False, 'id': 6672L, 'result': [1, 2, 4, 7, 8, 9, 11, 14, 17, 18, 20, 23]}
	[last] Firing Notification: True

	[next] Processing NEXT Draw
	[next] next_draw_date 04/01/2014
	[next] next_draw_date 2014-04-01
	[next] draw id 6699, created: True 
	[next] {'date': '2014-04-01', 'jackpot': None, 'future': True, 'id': 6699L, 'result': None}

-----------------------------------------

Found Game {'comp_name': 'All or Nothing Day', 'comp_format': 'AllOrNothing', 'game_format': 'AllOrNothing', 'game_name': 'All or Nothing', 'comp_identifier': 'AllOrNothingDay'}
	Using Handler <class 'yoolotto.lottery.game.allornothing.AllOrNothingGame'>
	[jackpot] No Jackpot

	[last] last_draw_date 03/29/2014
	[last] last_draw_numbers 01-04-06-08-10-11-12-13-15-18-21-24
	[last] last_draw_date 2014-03-29
	[last] draw id 6655, created: False 
	[last] draw id 6655 SAVED
	[last] {'date': '2014-03-29', 'jackpot': 250000, 'future': False, 'id': 6655L, 'result': [1, 4, 6, 8, 10, 11, 12, 13, 15, 18, 21, 24]}
	[last] Firing Notification: False

	[next] Processing NEXT Draw
	[next] next_draw_date 03/31/2014
	[next] next_draw_date 2014-03-31
	[next] draw id 6675, created: False 
	[next] {'date': '2014-03-31', 'jackpot': None, 'future': True, 'id': 6675L, 'result': None}

-----------------------------------------

Found Game {'comp_name': 'All or Nothing Evening', 'comp_format': 'AllOrNothing', 'game_format': 'AllOrNothing', 'game_name': 'All or Nothing', 'comp_identifier': 'AllOrNothingEvening'}
	Using Handler <class 'yoolotto.lottery.game.allornothing.AllOrNothingGame'>
	[jackpot] No Jackpot

	[last] last_draw_date 03/29/2014
	[last] last_draw_numbers 02-03-04-05-08-09-11-16-18-19-22-24
	[last] last_draw_date 2014-03-29
	[last] draw id 6659, created: False 
	[last] draw id 6659 SAVED
	[last] {'date': '2014-03-29', 'jackpot': 250000, 'future': False, 'id': 6659L, 'result': [2, 3, 4, 5, 8, 9, 11, 16, 18, 19, 22, 24]}
	[last] Firing Notification: False

	[next] Processing NEXT Draw
	[next] next_draw_date 03/31/2014
	[next] next_draw_date 2014-03-31
	[next] draw id 6679, created: False 
	[next] {'date': '2014-03-31', 'jackpot': None, 'future': True, 'id': 6679L, 'result': None}

-----------------------------------------

Found Game {'comp_name': 'All or Nothing Night', 'comp_format': 'AllOrNothing', 'game_format': 'AllOrNothing', 'game_name': 'All or Nothing', 'comp_identifier': 'AllOrNothingNight'}
	Using Handler <class 'yoolotto.lottery.game.allornothing.AllOrNothingGame'>
	[jackpot] No Jackpot

	[last] last_draw_date 03/29/2014
	[last] last_draw_numbers 02-04-05-07-13-14-15-16-18-20-21-23
	[last] last_draw_date 2014-03-29
	[last] draw id 6669, created: False 
	[last] draw id 6669 SAVED
	[last] {'date': '2014-03-29', 'jackpot': 250000, 'future': False, 'id': 6669L, 'result': [2, 4, 5, 7, 13, 14, 15, 16, 18, 20, 21, 23]}
	[last] Firing Notification: False

	[next] Processing NEXT Draw
	[next] next_draw_date 03/31/2014
	[next] next_draw_date 2014-03-31
	[next] draw id 6691, created: False 
	[next] {'date': '2014-03-31', 'jackpot': None, 'future': True, 'id': 6691L, 'result': None}

-----------------------------------------

Found Game {'comp_name': 'Daily 4 Morning', 'comp_format': 'DailyFour', 'game_format': 'DailyFour', 'game_name': 'Daily Four', 'comp_identifier': 'DailyFourMorning'}
	Using Handler <class 'yoolotto.lottery.game.dailyfour.DailyFourGame'>
	[jackpot] No Jackpot

	[last] last_draw_date 03/31/2014
	[last] last_draw_numbers 3-5-6-2
	[last] last_draw_date 2014-03-31
	[last] draw id 6673, created: False 
	[last] draw id 6673 SAVED
	[last] {'date': '2014-03-31', 'jackpot': None, 'future': False, 'id': 6673L, 'result': [3, 5, 6, 2, 16]}
	[last] Firing Notification: True

	[next] Processing NEXT Draw
	[next] next_draw_date 04/01/2014
	[next] next_draw_date 2014-04-01
	[next] draw id 6700, created: True 
	[next] {'date': '2014-04-01', 'jackpot': None, 'future': True, 'id': 6700L, 'result': None}

-----------------------------------------

Found Game {'comp_name': 'Daily 4 Day', 'comp_format': 'DailyFour', 'game_format': 'DailyFour', 'game_name': 'Daily Four', 'comp_identifier': 'DailyFourDay'}
	Using Handler <class 'yoolotto.lottery.game.dailyfour.DailyFourGame'>
	[jackpot] No Jackpot

	[last] last_draw_date 03/29/2014
	[last] last_draw_numbers 5-4-7-9
	[last] last_draw_date 2014-03-29
	[last] draw id 6656, created: False 
	[last] draw id 6656 SAVED
	[last] {'date': '2014-03-29', 'jackpot': None, 'future': False, 'id': 6656L, 'result': [5, 4, 7, 9, 25]}
	[last] Firing Notification: False

	[next] Processing NEXT Draw
	[next] next_draw_date 03/31/2014
	[next] next_draw_date 2014-03-31
	[next] draw id 6676, created: False 
	[next] {'date': '2014-03-31', 'jackpot': None, 'future': True, 'id': 6676L, 'result': None}

-----------------------------------------

Found Game {'comp_name': 'Daily 4 Evening', 'comp_format': 'DailyFour', 'game_format': 'DailyFour', 'game_name': 'Daily Four', 'comp_identifier': 'DailyFourEvening'}
	Using Handler <class 'yoolotto.lottery.game.dailyfour.DailyFourGame'>
	[jackpot] No Jackpot

	[last] last_draw_date 03/29/2014
	[last] last_draw_numbers 6-2-5-9
	[last] last_draw_date 2014-03-29
	[last] draw id 6660, created: False 
	[last] draw id 6660 SAVED
	[last] {'date': '2014-03-29', 'jackpot': None, 'future': False, 'id': 6660L, 'result': [6, 2, 5, 9, 22]}
	[last] Firing Notification: False

	[next] Processing NEXT Draw
	[next] next_draw_date 03/31/2014
	[next] next_draw_date 2014-03-31
	[next] draw id 6680, created: False 
	[next] {'date': '2014-03-31', 'jackpot': None, 'future': True, 'id': 6680L, 'result': None}

-----------------------------------------

Found Game {'comp_name': 'Daily 4 Night', 'comp_format': 'DailyFour', 'game_format': 'DailyFour', 'game_name': 'Daily Four', 'comp_identifier': 'DailyFourNight'}
	Using Handler <class 'yoolotto.lottery.game.dailyfour.DailyFourGame'>
	[jackpot] No Jackpot

	[last] last_draw_date 03/29/2014
	[last] last_draw_numbers 6-8-8-5
	[last] last_draw_date 2014-03-29
	[last] draw id 6670, created: False 
	[last] draw id 6670 SAVED
	[last] {'date': '2014-03-29', 'jackpot': None, 'future': False, 'id': 6670L, 'result': [6, 8, 8, 5, 27]}
	[last] Firing Notification: False

	[next] Processing NEXT Draw
	[next] next_draw_date 03/31/2014
	[next] next_draw_date 2014-03-31
	[next] draw id 6692, created: False 
	[next] {'date': '2014-03-31', 'jackpot': None, 'future': True, 'id': 6692L, 'result': None}

-----------------------------------------

Found Game {'comp_name': 'Pick 3 Morning', 'comp_format': 'PickThree', 'game_format': 'PickThree', 'game_name': 'Pick Three', 'comp_identifier': 'PickThreeMorning'}
	Using Handler <class 'yoolotto.lottery.game.pickthree.PickThreeGame'>
	[jackpot] No Jackpot

	[last] last_draw_date 03/31/2014
	[last] last_draw_numbers 1-8-0
	[last] last_draw_date 2014-03-31
	[last] draw id 6674, created: False 
	[last] draw id 6674 SAVED
	[last] {'date': '2014-03-31', 'jackpot': None, 'future': False, 'id': 6674L, 'result': [1, 8, 0, 9]}
	[last] Firing Notification: True

	[next] Processing NEXT Draw
	[next] next_draw_date 04/01/2014
	[next] next_draw_date 2014-04-01
	[next] draw id 6701, created: True 
	[next] {'date': '2014-04-01', 'jackpot': None, 'future': True, 'id': 6701L, 'result': None}

-----------------------------------------

Found Game {'comp_name': 'Pick 3 Day', 'comp_format': 'PickThree', 'game_format': 'PickThree', 'game_name': 'Pick Three', 'comp_identifier': 'PickThreeDay'}
	Using Handler <class 'yoolotto.lottery.game.pickthree.PickThreeGame'>
	[jackpot] No Jackpot

	[last] last_draw_date 03/29/2014
	[last] last_draw_numbers 3-9-7
	[last] last_draw_date 2014-03-29
	[last] draw id 6657, created: False 
	[last] draw id 6657 SAVED
	[last] {'date': '2014-03-29', 'jackpot': None, 'future': False, 'id': 6657L, 'result': [3, 9, 7, 19]}
	[last] Firing Notification: False

	[next] Processing NEXT Draw
	[next] next_draw_date 03/31/2014
	[next] next_draw_date 2014-03-31
	[next] draw id 6677, created: False 
	[next] {'date': '2014-03-31', 'jackpot': None, 'future': True, 'id': 6677L, 'result': None}

-----------------------------------------

Found Game {'comp_name': 'Pick 3 Evening', 'comp_format': 'PickThree', 'game_format': 'PickThree', 'game_name': 'Pick Three', 'comp_identifier': 'PickThreeEvening'}
	Using Handler <class 'yoolotto.lottery.game.pickthree.PickThreeGame'>
	[jackpot] No Jackpot

	[last] last_draw_date 03/29/2014
	[last] last_draw_numbers 6-0-7
	[last] last_draw_date 2014-03-29
	[last] draw id 6661, created: False 
	[last] draw id 6661 SAVED
	[last] {'date': '2014-03-29', 'jackpot': None, 'future': False, 'id': 6661L, 'result': [6, 0, 7, 13]}
	[last] Firing Notification: False

	[next] Processing NEXT Draw
	[next] next_draw_date 03/31/2014
	[next] next_draw_date 2014-03-31
	[next] draw id 6681, created: False 
	[next] {'date': '2014-03-31', 'jackpot': None, 'future': True, 'id': 6681L, 'result': None}

-----------------------------------------

Found Game {'comp_name': 'Pick 3 Night', 'comp_format': 'PickThree', 'game_format': 'PickThree', 'game_name': 'Pick Three', 'comp_identifier': 'PickThreeNight'}
	Using Handler <class 'yoolotto.lottery.game.pickthree.PickThreeGame'>
	[jackpot] No Jackpot

	[last] last_draw_date 03/29/2014
	[last] last_draw_numbers 7-3-6
	[last] last_draw_date 2014-03-29
	[last] draw id 6671, created: False 
	[last] draw id 6671 SAVED
	[last] {'date': '2014-03-29', 'jackpot': None, 'future': False, 'id': 6671L, 'result': [7, 3, 6, 16]}
	[last] Firing Notification: False

	[next] Processing NEXT Draw
	[next] next_draw_date 03/31/2014
	[next] next_draw_date 2014-03-31
	[next] draw id 6693, created: False 
	[next] {'date': '2014-03-31', 'jackpot': None, 'future': True, 'id': 6693L, 'result': None}

-----------------------------------------

