Found Game {'comp_name': 'Powerball', 'comp_format': 'Powerball', 'game_format': 'Powerball', 'game_name': 'Powerball', 'comp_identifier': 'Powerball'}
	Using Handler <class 'yoolotto.lottery.game.powerball.PowerBallGame'>
	[jackpot] Found Jackpot 94000000
	[jackpot] Jackpot Date 2014-04-12

	[last] last_draw_date 04/09/2014
	[last] last_draw_numbers 09-14-44-48-49, Powerball: 29, Power Play: 2
	[last] last_draw_date 2014-04-09
	[last] draw id 6927, created: False 
	[last] draw id 6927 SAVED
	[last] {'date': '2014-04-09', 'jackpot': 80000000L, 'future': False, 'id': 6927L, 'result': [9, 14, 44, 48, 49, 29, 2]}
	[last] Firing Notification: False
	[last] Found Powerplay [2] 
	[last] Creating Fake Powerplay Component with value [2] 
	[last] Fake Powerplay Object Saved 27 
	[last] Creating Powerplay Draw 
	[last] Powerplay Object Saved 7005 

	[next] Processing NEXT Draw
	[next] next_draw_date 04/12/2014
	[next] next_draw_date 2014-04-12
	[next] draw id 6940, created: False 
	[next] draw prize 94000000
	[next] {'date': '2014-04-12', 'jackpot': 94000000, 'future': True, 'id': 6940L, 'result': None}

-----------------------------------------

Found Game {'comp_name': 'MEGA Millions', 'comp_format': 'MegaMillions', 'game_format': 'MegaMillions', 'game_name': 'Mega Millions', 'comp_identifier': 'MegaMillions'}
	Using Handler <class 'yoolotto.lottery.game.megamillions.MegaMillionsGame'>
	[jackpot] Found Jackpot 20000000
	[jackpot] Jackpot Date 2014-04-11

	[last] last_draw_date 04/08/2014
	[last] last_draw_numbers 35-36-41-60-71, Mega Ball: 03
	[last] last_draw_date 2014-04-08
	[last] draw id 6902, created: False 
	[last] draw id 6902 SAVED
	[last] {'date': '2014-04-08', 'jackpot': 15000000L, 'future': False, 'id': 6902L, 'result': [35, 36, 41, 60, 71, 3, 3]}
	[last] Firing Notification: False

	[next] Processing NEXT Draw
	[next] next_draw_date 04/11/2014
	[next] next_draw_date 2014-04-11
	[next] draw id 6939, created: False 
	[next] draw prize 20000000
	[next] {'date': '2014-04-11', 'jackpot': 20000000, 'future': True, 'id': 6939L, 'result': None}

-----------------------------------------

Found Game {'comp_name': 'Megaplier', 'comp_format': 'Megaplier', 'game_format': 'MegaMillions', 'game_name': 'Mega Millions', 'comp_identifier': 'Megaplier'}
	Using Handler <class 'yoolotto.lottery.game.megamillions.MegaMillionsGame'>
	[jackpot] No Jackpot

	[last] last_draw_date 04/08/2014
	[last] last_draw_numbers 3
	[last] last_draw_date 2014-04-08
	[last] draw id 6903, created: False 
	[last] draw id 6903 SAVED
	[last] {'date': '2014-04-08', 'jackpot': None, 'future': False, 'id': 6903L, 'result': [3]}
	[last] Firing Notification: False

	[next] Processing NEXT Draw
	[next] next_draw_date 04/11/2014
	[next] next_draw_date 2014-04-11
	[next] draw id 6974, created: False 
	[next] {'date': '2014-04-11', 'jackpot': None, 'future': True, 'id': 6974L, 'result': None}

-----------------------------------------

Found Game {'comp_name': 'Lotto', 'comp_format': 'Lotto', 'game_format': 'Lotto', 'game_name': 'Lotto Texas', 'comp_identifier': 'LottoTexas'}
	Using Handler <class 'yoolotto.lottery.game.lottotexas.LottoTexasGame'>
	[jackpot] Found Jackpot 24000000
	[jackpot] Jackpot Date 2014-04-12

	[last] last_draw_date 04/09/2014
	[last] last_draw_numbers 01-03-09-22-23-54
	[last] last_draw_date 2014-04-09
	[last] draw id 6925, created: False 
	[last] draw id 6925 SAVED
	[last] {'date': '2014-04-09', 'jackpot': 23250000L, 'future': False, 'id': 6925L, 'result': [1, 3, 9, 22, 23, 54]}
	[last] Firing Notification: False

	[next] Processing NEXT Draw
	[next] next_draw_date 04/12/2014
	[next] next_draw_date 2014-04-12
	[next] draw id 6980, created: False 
	[next] draw prize 24000000
	[next] {'date': '2014-04-12', 'jackpot': 24000000, 'future': True, 'id': 6980L, 'result': None}

-----------------------------------------

Found Game {'comp_name': 'Cash 5', 'comp_format': 'CashFive', 'game_format': 'CashFive', 'game_name': 'Cash Five', 'comp_identifier': 'CashFive'}
	Using Handler <class 'yoolotto.lottery.game.cashfive.CashFiveGame'>
	[jackpot] No Jackpot

	[last] last_draw_date 04/10/2014
	[last] last_draw_numbers 16-29-32-34-35
	[last] last_draw_date 2014-04-10
	[last] draw id 6980, created: False 
	[last] draw id 6980 SAVED
	[last] {'date': '2014-04-12', 'jackpot': 24000000, 'future': False, 'id': 6980L, 'result': [16, 29, 32, 34, 35]}
	[last] Firing Notification: True

	[next] Processing NEXT Draw
	[next] next_draw_date 04/11/2014
	[next] next_draw_date 2014-04-11
	[next] draw id 7037, created: True 
	[next] {'date': '2014-04-11', 'jackpot': None, 'future': True, 'id': 7037L, 'result': None}

-----------------------------------------

Found Game {'comp_name': 'Two Step', 'comp_format': 'TwoStep', 'game_format': 'TwoStep', 'game_name': 'Two Step', 'comp_identifier': 'TwoStep'}
	Using Handler <class 'yoolotto.lottery.game.twostep.TwoStepGame'>
	[jackpot] Found Jackpot 225000
	[jackpot] Jackpot Date 2014-04-10

	[last] last_draw_date 04/10/2014
	[last] last_draw_numbers 13-16-21-31, Bonus: 15
	[last] last_draw_date 2014-04-10
	[last] draw id 6941, created: False 
	[last] draw id 6941 SAVED
	[last] {'date': '2014-04-10', 'jackpot': 225000, 'future': False, 'id': 6941L, 'result': [13, 16, 21, 31, 15]}
	[last] Firing Notification: True

	[next] Processing NEXT Draw
	[next] next_draw_date 04/14/2014
	[next] next_draw_date 2014-04-14
	[next] draw id 7038, created: True 
	[next] {'date': '2014-04-14', 'jackpot': None, 'future': True, 'id': 7038L, 'result': None}

-----------------------------------------

Found Game {'comp_name': 'All or Nothing Morning', 'comp_format': 'AllOrNothing', 'game_format': 'AllOrNothing', 'game_name': 'All or Nothing', 'comp_identifier': 'AllOrNothingMorning'}
	Using Handler <class 'yoolotto.lottery.game.allornothing.AllOrNothingGame'>
	[jackpot] No Jackpot

	[last] last_draw_date 04/10/2014
	[last] last_draw_numbers 01-02-03-04-06-08-09-10-13-19-20-21
	[last] last_draw_date 2014-04-10
	[last] draw id 6982, created: False 
	[last] draw id 6982 SAVED
	[last] {'date': '2014-04-10', 'jackpot': 250000, 'future': False, 'id': 6982L, 'result': [1, 2, 3, 4, 6, 8, 9, 10, 13, 19, 20, 21]}
	[last] Firing Notification: False

	[next] Processing NEXT Draw
	[next] next_draw_date 04/11/2014
	[next] next_draw_date 2014-04-11
