Found Game {'comp_name': 'Powerball', 'comp_format': 'Powerball', 'game_format': 'Powerball', 'game_name': 'Powerball', 'comp_identifier': 'Powerball'}
	Using Handler <class 'yoolotto.lottery.game.powerball.PowerBallGame'>
	[jackpot] Found Jackpot 60000000
	[jackpot] Jackpot Date 2014-04-02

	[last] last_draw_date 03/29/2014
	[last] last_draw_numbers 02-03-12-27-38, Powerball: 17, Power Play: 2
	[last] last_draw_date 2014-03-29
	[last] draw id 5240, created: False 
	[last] draw id 5240 SAVED
	[last] {'date': '2014-03-29', 'jackpot': 50000000L, 'future': False, 'id': 5240L, 'result': [2, 3, 12, 27, 38, 17, 2]}
	[last] Firing Notification: False
	[last] Found Powerplay [2] 
	[last] Creating Fake Powerplay Component with value [2] 
	[last] Fake Powerplay Object Saved 27 
	[last] Creating Powerplay Draw 
	[last] Powerplay Object Saved 6687 

	[next] Processing NEXT Draw
	[next] next_draw_date 04/02/2014
	[next] next_draw_date 2014-04-02
	[next] draw id 5308, created: False 
	[next] draw prize 60000000
	[next] {'date': '2014-04-02', 'jackpot': 60000000, 'future': True, 'id': 5308L, 'result': None}

-----------------------------------------

Found Game {'comp_name': 'MEGA Millions', 'comp_format': 'MegaMillions', 'game_format': 'MegaMillions', 'game_name': 'Mega Millions', 'comp_identifier': 'MegaMillions'}
	Using Handler <class 'yoolotto.lottery.game.megamillions.MegaMillionsGame'>
	[jackpot] Found Jackpot 20000000
	[jackpot] Jackpot Date 2014-04-01

	[last] last_draw_date 04/01/2014
	[last] last_draw_numbers 10-23-68-74-75, Mega Ball: 09
	[last] last_draw_date 2014-04-01
	[last] draw id 5258, created: False 
	[last] draw id 5258 SAVED
	[last] {'date': '2014-04-01', 'jackpot': 20000000, 'future': False, 'id': 5258L, 'result': [10, 23, 68, 74, 75, 9, None]}
	[last] Firing Notification: True

	[next] Processing NEXT Draw
	[next] next_draw_date 04/04/2014
	[next] next_draw_date 2014-04-04
	[next] draw id 5319, created: False 
	[next] {'date': '2014-04-04', 'jackpot': None, 'future': True, 'id': 5319L, 'result': None}

-----------------------------------------

Found Game {'comp_name': 'Megaplier', 'comp_format': 'Megaplier', 'game_format': 'MegaMillions', 'game_name': 'Mega Millions', 'comp_identifier': 'Megaplier'}
	Using Handler <class 'yoolotto.lottery.game.megamillions.MegaMillionsGame'>
	[jackpot] No Jackpot

	[last] last_draw_date 04/01/2014
	[last] last_draw_numbers 5
	[last] last_draw_date 2014-04-01
	[last] draw id 6667, created: False 
	[last] draw id 6667 SAVED
	[last] {'date': '2014-04-01', 'jackpot': None, 'future': False, 'id': 6667L, 'result': [5]}
	[last] Firing Notification: True

	[next] Processing NEXT Draw
	[next] next_draw_date 04/04/2014
	[next] next_draw_date 2014-04-04
	[next] draw id 6732, created: True 
	[next] {'date': '2014-04-04', 'jackpot': None, 'future': True, 'id': 6732L, 'result': None}

-----------------------------------------

Found Game {'comp_name': 'Lotto', 'comp_format': 'Lotto', 'game_format': 'Lotto', 'game_name': 'Lotto Texas', 'comp_identifier': 'LottoTexas'}
	Using Handler <class 'yoolotto.lottery.game.lottotexas.LottoTexasGame'>
	[jackpot] Found Jackpot 21000000
	[jackpot] Jackpot Date 2014-04-02

	[last] last_draw_date 03/29/2014
	[last] last_draw_numbers 04-13-16-19-29-30
	[last] last_draw_date 2014-03-29
	[last] draw id 5596, created: False 
	[last] draw id 5596 SAVED
	[last] {'date': '2014-03-29', 'jackpot': 20250000L, 'future': False, 'id': 5596L, 'result': [4, 13, 16, 19, 29, 30]}
	[last] Firing Notification: False

	[next] Processing NEXT Draw
	[next] next_draw_date 04/02/2014
	[next] next_draw_date 2014-04-02
	[next] draw id 6689, created: False 
	[next] draw prize 21000000
	[next] {'date': '2014-04-02', 'jackpot': 21000000, 'future': True, 'id': 6689L, 'result': None}

-----------------------------------------

Found Game {'comp_name': 'Cash 5', 'comp_format': 'CashFive', 'game_format': 'CashFive', 'game_name': 'Cash Five', 'comp_identifier': 'CashFive'}
	Using Handler <class 'yoolotto.lottery.game.cashfive.CashFiveGame'>
	[jackpot] No Jackpot

	[last] last_draw_date 03/31/2014
	[last] last_draw_numbers 15-16-21-24-30
	[last] last_draw_date 2014-03-31
	[last] draw id 6690, created: False 
	[last] draw id 6690 SAVED
	[last] {'date': '2014-03-31', 'jackpot': None, 'future': False, 'id': 6690L, 'result': [15, 16, 21, 24, 30]}
	[last] Firing Notification: False

	[next] Processing NEXT Draw
	[next] next_draw_date 04/01/2014
	[next] next_draw_date 2014-04-01
	[next] draw id 6713, created: False 
	[next] {'date': '2014-04-01', 'jackpot': None, 'future': True, 'id': 6713L, 'result': None}

-----------------------------------------

Found Game {'comp_name': 'Two Step', 'comp_format': 'TwoStep', 'game_format': 'TwoStep', 'game_name': 'Two Step', 'comp_identifier': 'TwoStep'}
	Using Handler <class 'yoolotto.lottery.game.twostep.TwoStepGame'>
	[jackpot] Found Jackpot 625000
	[jackpot] Jackpot Date 2014-04-03

	[last] last_draw_date 03/31/2014
	[last] last_draw_numbers 07-10-21-32, Bonus: 30
	[last] last_draw_date 2014-03-31
	[last] draw id 6648, created: False 
	[last] draw id 6648 SAVED
	[last] {'date': '2014-03-31', 'jackpot': 475000L, 'future': False, 'id': 6648L, 'result': [7, 10, 21, 32, 30]}
	[last] Firing Notification: False

	[next] Processing NEXT Draw
	[next] next_draw_date 04/03/2014
	[next] next_draw_date 2014-04-03
	[next] draw id 5298, created: False 
	[next] draw prize 625000
	[next] {'date': '2014-04-03', 'jackpot': 625000, 'future': True, 'id': 5298L, 'result': None}

-----------------------------------------

Found Game {'comp_name': 'All or Nothing Morning', 'comp_format': 'AllOrNothing', 'game_format': 'AllOrNothing', 'game_name': 'All or Nothing', 'comp_identifier': 'AllOrNothingMorning'}
	Using Handler <class 'yoolotto.lottery.game.allornothing.AllOrNothingGame'>
	[jackpot] No Jackpot

	[last] last_draw_date 04/01/2014
	[last] last_draw_numbers 02-04-05-06-07-08-10-14-16-18-21-23
	[last] last_draw_date 2014-04-01
	[last] draw id 6699, created: False 
	[last] draw id 6699 SAVED
	[last] {'date': '2014-04-01', 'jackpot': 250000, 'future': False, 'id': 6699L, 'result': [2, 4, 5, 6, 7, 8, 10, 14, 16, 18, 21, 23]}
	[last] Firing Notification: False

	[next] Processing NEXT Draw
	[next] next_draw_date 04/02/2014
	[next] next_draw_date 2014-04-02
	[next] draw id 6717, created: False 
	[next] {'date': '2014-04-02', 'jackpot': None, 'future': True, 'id': 6717L, 'result': None}

-----------------------------------------

Found Game {'comp_name': 'All or Nothing Day', 'comp_format': 'AllOrNothing', 'game_format': 'AllOrNothing', 'game_name': 'All or Nothing', 'comp_identifier': 'AllOrNothingDay'}
	Using Handler <class 'yoolotto.lottery.game.allornothing.AllOrNothingGame'>
	[jackpot] No Jackpot

	[last] last_draw_date 04/01/2014
	[last] last_draw_numbers 01-02-03-04-06-10-12-15-18-22-23-24
	[last] last_draw_date 2014-04-01
	[last] draw id 6702, created: False 
	[last] draw id 6702 SAVED
	[last] {'date': '2014-04-01', 'jackpot': 250000, 'future': False, 'id': 6702L, 'result': [1, 2, 3, 4, 6, 10, 12, 15, 18, 22, 23, 24]}
	[last] Firing Notification: False

	[next] Processing NEXT Draw
	[next] next_draw_date 04/02/2014
	[next] next_draw_date 2014-04-02
	[next] draw id 6720, created: False 
	[next] {'date': '2014-04-02', 'jackpot': None, 'future': True, 'id': 6720L, 'result': None}

-----------------------------------------

Found Game {'comp_name': 'All or Nothing Evening', 'comp_format': 'AllOrNothing', 'game_format': 'AllOrNothing', 'game_name': 'All or Nothing', 'comp_identifier': 'AllOrNothingEvening'}
	Using Handler <class 'yoolotto.lottery.game.allornothing.AllOrNothingGame'>
	[jackpot] No Jackpot

	[last] last_draw_date 04/01/2014
	[last] last_draw_numbers 02-06-07-08-10-12-13-15-16-17-19-23
	[last] last_draw_date 2014-04-01
	[last] draw id 6706, created: False 
	[last] draw id 6706 SAVED
	[last] {'date': '2014-04-01', 'jackpot': 250000, 'future': False, 'id': 6706L, 'result': [2, 6, 7, 8, 10, 12, 13, 15, 16, 17, 19, 23]}
	[last] Firing Notification: False

	[next] Processing NEXT Draw
	[next] next_draw_date 04/02/2014
	[next] next_draw_date 2014-04-02
	[next] draw id 6724, created: False 
	[next] {'date': '2014-04-02', 'jackpot': None, 'future': True, 'id': 6724L, 'result': None}

-----------------------------------------

Found Game {'comp_name': 'All or Nothing Night', 'comp_format': 'AllOrNothing', 'game_format': 'AllOrNothing', 'game_name': 'All or Nothing', 'comp_identifier': 'AllOrNothingNight'}
	Using Handler <class 'yoolotto.lottery.game.allornothing.AllOrNothingGame'>
	[jackpot] No Jackpot

	[last] last_draw_date 03/31/2014
	[last] last_draw_numbers 01-04-05-10-12-13-14-16-17-20-22-23
	[last] last_draw_date 2014-03-31
	[last] draw id 6691, created: False 
	[last] draw id 6691 SAVED
	[last] {'date': '2014-03-31', 'jackpot': 250000, 'future': False, 'id': 6691L, 'result': [1, 4, 5, 10, 12, 13, 14, 16, 17, 20, 22, 23]}
	[last] Firing Notification: False

	[next] Processing NEXT Draw
	[next] next_draw_date 04/01/2014
	[next] next_draw_date 2014-04-01
	[next] draw id 6714, created: False 
	[next] {'date': '2014-04-01', 'jackpot': None, 'future': True, 'id': 6714L, 'result': None}

-----------------------------------------

Found Game {'comp_name': 'Daily 4 Morning', 'comp_format': 'DailyFour', 'game_format': 'DailyFour', 'game_name': 'Daily Four', 'comp_identifier': 'DailyFourMorning'}
	Using Handler <class 'yoolotto.lottery.game.dailyfour.DailyFourGame'>
	[jackpot] No Jackpot

	[last] last_draw_date 04/01/2014
	[last] last_draw_numbers 3-4-5-7
	[last] last_draw_date 2014-04-01
	[last] draw id 6700, created: False 
	[last] draw id 6700 SAVED
	[last] {'date': '2014-04-01', 'jackpot': None, 'future': False, 'id': 6700L, 'result': [3, 4, 5, 7, 19]}
	[last] Firing Notification: False

	[next] Processing NEXT Draw
	[next] next_draw_date 04/02/2014
	[next] next_draw_date 2014-04-02
	[next] draw id 6718, created: False 
	[next] {'date': '2014-04-02', 'jackpot': None, 'future': True, 'id': 6718L, 'result': None}

-----------------------------------------

Found Game {'comp_name': 'Daily 4 Day', 'comp_format': 'DailyFour', 'game_format': 'DailyFour', 'game_name': 'Daily Four', 'comp_identifier': 'DailyFourDay'}
	Using Handler <class 'yoolotto.lottery.game.dailyfour.DailyFourGame'>
	[jackpot] No Jackpot

	[last] last_draw_date 04/01/2014
	[last] last_draw_numbers 0-5-3-8
	[last] last_draw_date 2014-04-01
	[last] draw id 6703, created: False 
	[last] draw id 6703 SAVED
	[last] {'date': '2014-04-01', 'jackpot': None, 'future': False, 'id': 6703L, 'result': [0, 5, 3, 8, 16]}
	[last] Firing Notification: False

	[next] Processing NEXT Draw
	[next] next_draw_date 04/02/2014
	[next] next_draw_date 2014-04-02
	[next] draw id 6721, created: False 
	[next] {'date': '2014-04-02', 'jackpot': None, 'future': True, 'id': 6721L, 'result': None}

-----------------------------------------

Found Game {'comp_name': 'Daily 4 Evening', 'comp_format': 'DailyFour', 'game_format': 'DailyFour', 'game_name': 'Daily Four', 'comp_identifier': 'DailyFourEvening'}
	Using Handler <class 'yoolotto.lottery.game.dailyfour.DailyFourGame'>
	[jackpot] No Jackpot

	[last] last_draw_date 04/01/2014
	[last] last_draw_numbers 8-4-0-4
	[last] last_draw_date 2014-04-01
	[last] draw id 6707, created: False 
	[last] draw id 6707 SAVED
	[last] {'date': '2014-04-01', 'jackpot': None, 'future': False, 'id': 6707L, 'result': [8, 4, 0, 4, 16]}
	[last] Firing Notification: False

	[next] Processing NEXT Draw
	[next] next_draw_date 04/02/2014
	[next] next_draw_date 2014-04-02
	[next] draw id 6725, created: False 
	[next] {'date': '2014-04-02', 'jackpot': None, 'future': True, 'id': 6725L, 'result': None}

-----------------------------------------

Found Game {'comp_name': 'Daily 4 Night', 'comp_format': 'DailyFour', 'game_format': 'DailyFour', 'game_name': 'Daily Four', 'comp_identifier': 'DailyFourNight'}
	Using Handler <class 'yoolotto.lottery.game.dailyfour.DailyFourGame'>
	[jackpot] No Jackpot

	[last] last_draw_date 03/31/2014
	[last] last_draw_numbers 0-2-8-8
	[last] last_draw_date 2014-03-31
	[last] draw id 6692, created: False 
	[last] draw id 6692 SAVED
	[last] {'date': '2014-03-31', 'jackpot': None, 'future': False, 'id': 6692L, 'result': [0, 2, 8, 8, 18]}
	[last] Firing Notification: False

	[next] Processing NEXT Draw
	[next] next_draw_date 04/01/2014
	[next] next_draw_date 2014-04-01
	[next] draw id 6715, created: False 
	[next] {'date': '2014-04-01', 'jackpot': None, 'future': True, 'id': 6715L, 'result': None}

-----------------------------------------

Found Game {'comp_name': 'Pick 3 Morning', 'comp_format': 'PickThree', 'game_format': 'PickThree', 'game_name': 'Pick Three', 'comp_identifier': 'PickThreeMorning'}
	Using Handler <class 'yoolotto.lottery.game.pickthree.PickThreeGame'>
	[jackpot] No Jackpot

	[last] last_draw_date 04/01/2014
	[last] last_draw_numbers 9-2-0
	[last] last_draw_date 2014-04-01
	[last] draw id 6701, created: False 
	[last] draw id 6701 SAVED
	[last] {'date': '2014-04-01', 'jackpot': None, 'future': False, 'id': 6701L, 'result': [9, 2, 0, 11]}
	[last] Firing Notification: False

	[next] Processing NEXT Draw
	[next] next_draw_date 04/02/2014
	[next] next_draw_date 2014-04-02
	[next] draw id 6719, created: False 
	[next] {'date': '2014-04-02', 'jackpot': None, 'future': True, 'id': 6719L, 'result': None}

-----------------------------------------

Found Game {'comp_name': 'Pick 3 Day', 'comp_format': 'PickThree', 'game_format': 'PickThree', 'game_name': 'Pick Three', 'comp_identifier': 'PickThreeDay'}
	Using Handler <class 'yoolotto.lottery.game.pickthree.PickThreeGame'>
	[jackpot] No Jackpot

	[last] last_draw_date 04/01/2014
	[last] last_draw_numbers 8-7-4
	[last] last_draw_date 2014-04-01
	[last] draw id 6704, created: False 
	[last] draw id 6704 SAVED
	[last] {'date': '2014-04-01', 'jackpot': None, 'future': False, 'id': 6704L, 'result': [8, 7, 4, 19]}
	[last] Firing Notification: False

	[next] Processing NEXT Draw
	[next] next_draw_date 04/02/2014
	[next] next_draw_date 2014-04-02
	[next] draw id 6722, created: False 
	[next] {'date': '2014-04-02', 'jackpot': None, 'future': True, 'id': 6722L, 'result': None}

-----------------------------------------

Found Game {'comp_name': 'Pick 3 Evening', 'comp_format': 'PickThree', 'game_format': 'PickThree', 'game_name': 'Pick Three', 'comp_identifier': 'PickThreeEvening'}
	Using Handler <class 'yoolotto.lottery.game.pickthree.PickThreeGame'>
	[jackpot] No Jackpot

	[last] last_draw_date 04/01/2014
	[last] last_draw_numbers 7-0-6
	[last] last_draw_date 2014-04-01
	[last] draw id 6708, created: False 
	[last] draw id 6708 SAVED
	[last] {'date': '2014-04-01', 'jackpot': None, 'future': False, 'id': 6708L, 'result': [7, 0, 6, 13]}
	[last] Firing Notification: False

	[next] Processing NEXT Draw
	[next] next_draw_date 04/02/2014
	[next] next_draw_date 2014-04-02
	[next] draw id 6726, created: False 
	[next] {'date': '2014-04-02', 'jackpot': None, 'future': True, 'id': 6726L, 'result': None}

-----------------------------------------

Found Game {'comp_name': 'Pick 3 Night', 'comp_format': 'PickThree', 'game_format': 'PickThree', 'game_name': 'Pick Three', 'comp_identifier': 'PickThreeNight'}
	Using Handler <class 'yoolotto.lottery.game.pickthree.PickThreeGame'>
	[jackpot] No Jackpot

	[last] last_draw_date 03/31/2014
	[last] last_draw_numbers 8-9-1
	[last] last_draw_date 2014-03-31
	[last] draw id 6693, created: False 
	[last] draw id 6693 SAVED
	[last] {'date': '2014-03-31', 'jackpot': None, 'future': False, 'id': 6693L, 'result': [8, 9, 1, 18]}
	[last] Firing Notification: False

	[next] Processing NEXT Draw
	[next] next_draw_date 04/01/2014
	[next] next_draw_date 2014-04-01
	[next] draw id 6716, created: False 
	[next] {'date': '2014-04-01', 'jackpot': None, 'future': True, 'id': 6716L, 'result': None}

-----------------------------------------

